   SW   perc perc perc  query     position in query     matching   repeat              position in repeat
score   div. del. ins.  sequence  begin end    (left)   repeat     class/family      begin  end    (left)  ID

 2655    4.5  0.0  0.3  baboon      300   610 (45655) C AluY       SINE/Alu             (0)    311      2   1  
 2412    7.5  0.0  0.0  baboon      616   908 (45357) C AluY       SINE/Alu            (16)    295      3   2  
  216    0.0  0.0  0.0  baboon      919   942 (45323) + (T)n       Simple_repeat          1     24    (0)   3  
  213   28.9  7.9  0.0  baboon     1744  1819 (44446) + MIR3       SINE/MIR             112    193   (15)   4  
   21    0.0  0.0  0.0  baboon     2204  2224 (44041) + AT_rich    Low_complexity         1     21    (0)   5  
  180   33.3  1.1  6.9  baboon     2258  2344 (43921) C MIR        SINE/MIR            (96)    166     85   6  
  351   29.9  2.3 10.3  baboon     2637  2697 (43568) + MIR        SINE/MIR              89    145  (117)   7  
 1467   15.5  2.4 12.8  baboon     2698  3033 (43232) + AluJb      SINE/Alu               1    301   (11)   8  
  351   29.9  2.3 10.3  baboon     3034  3146 (43119) + MIR        SINE/MIR             146    249   (13)   7  
 1983   12.6  6.0  0.0  baboon     3251  3535 (42730) + AluSx3     SINE/Alu               1    302   (10)   9  
 1104   14.5  1.2  0.6  baboon     3537  3702 (42563) + AluSx      SINE/Alu             134    300   (12)  10  
 1820   23.6  2.8  3.8  baboon     3728  4205 (42060) C L1MB5      LINE/L1              (9)   6165   5688  11  
  690   20.5 13.8  0.1  baboon     4228  4509 (41756) + L1ME3B     LINE/L1             5138   5463  (779)  12  
 2304   11.1  0.3  0.3  baboon     4535  4840 (41425) C AluSg      SINE/Alu             (4)    306      1  13  
 1484   16.9 17.5  5.8  baboon     4880  5058 (41207) + MSTC       LTR/ERVL-MaLR          2    202  (226)  14  
 2417   10.3  0.3  0.0  baboon     5059  5368 (40897) + AluY       SINE/Alu               1    311    (0)  15  
 1484   16.9 17.5  5.8  baboon     5369  5566 (40699) + MSTC       LTR/ERVL-MaLR        203    423    (5)  14  
 1302   23.9  6.2  3.1  baboon     5575  5962 (40303) + L1ME3B     LINE/L1             5486   5885  (357)  12  
   28    0.0  0.0  2.6  baboon     5991  6011 (40254) + AT_rich    Low_complexity         1     22    (0)  16  
 2378    6.9  0.0  0.0  baboon     6012  6300 (39965) C AluY       SINE/Alu            (21)    290      2  17  
   28    0.0  0.0  2.6  baboon     6301  6317 (39948) + AT_rich    Low_complexity         1     16    (0)  18  
 2183   11.3  0.0  0.0  baboon     6318  6643 (39622) + AluSz      SINE/Alu               1    312    (0)  19  
 1882   17.7  0.0  0.7  baboon     6661  6954 (39311) + AluJb      SINE/Alu              12    303    (9)  20  
  242   26.1  6.9  3.8  baboon     6962  7075 (39190) + L1ME3B     LINE/L1             5888   6006  (236)  12  
 2021    9.2  9.5  0.7  baboon     7076  7358 (38907) + AluY       SINE/Alu               1    308    (3)  21  
  242   26.1  6.9  3.8  baboon     7359  7402 (38863) + L1ME3B     LINE/L1             6007   6051  (191)  12  
 2696    2.3  0.0  0.0  baboon     7485  7783 (38482) + AluYc      SINE/Alu               1    299    (0)  22  
  207   26.1  7.1  0.9  baboon     8121  8232 (38033) + (TCTCTG)n  Simple_repeat          2    120    (0)  23  
  388   16.1  0.0  0.0  baboon     8731  8786 (37479) + AluYc      SINE/Alu             232    287   (12)  24  
 1489    6.3  4.4  3.9  baboon     8843  9047 (37218) C AluYa5     SINE/Alu            (17)    293     88  25  
  349   21.5  0.0  0.0  baboon     9061  9165 (37100) + L1MD       LINE/L1             4633   4737 (1409)  26 *
 1295   20.1  3.6  9.4  baboon     9159  9225 (37040) C L1MB8      LINE/L1              (1)   6177   6114  27  
 2437    5.4  0.0  0.3  baboon     9226  9520 (36745) + AluY       SINE/Alu               1    294   (17)  28  
 1295   20.1  3.6  9.4  baboon     9521  9532 (36733) C L1MB8      LINE/L1             (65)   6113   6102  27  
 2315   10.2  1.0  0.0  baboon     9533  9837 (36428) + AluSp      SINE/Alu               1    308    (5)  29  
 1295   20.1  3.6  9.4  baboon     9838 10169 (36096) C L1MB8      LINE/L1             (77)   6101   5789  27  
 2319    7.8  0.0  0.0  baboon    10182 10464 (35801) C AluSx1     SINE/Alu            (17)    295     13  30  
 1195   13.6  0.5  7.0  baboon    10465 10678 (35587) C AluSx      SINE/Alu           (112)    200      1  31  
 1862   12.2  0.0  7.1  baboon    10731 11026 (35239) C AluSx      SINE/Alu            (14)    298     24  32  
 2036   12.5  0.3  1.1  baboon    11055 11375 (34890) C AluSz      SINE/Alu             (0)    312      1  33  
  360   10.4  0.0  0.0  baboon    11384 11431 (34834) C AluYc      SINE/Alu            (12)    287    240  34  
  305   19.6  0.0  0.0  baboon    11539 11584 (34681) C HAL1-4_Cho LINE/L1            (961)   2495   2450  35  
 2627    4.9  0.0  0.0  baboon    11585 11890 (34375) + AluY       SINE/Alu               1    306    (5)  36  
  829   22.2  4.3  0.0  baboon    11907 12113 (34152) + L1MD       LINE/L1             5132   5347  (799)  26  
 1072    6.9  0.0  0.0  baboon    12114 12244 (34021) + AluSg7     SINE/Alu               1    131  (181)  37  
 2049   15.2  0.3  0.3  baboon    12251 12552 (33713) + AluSc5     SINE/Alu               1    302   (10)  38  
  372   19.6  4.5  5.1  baboon    13402 13578 (32687) + G-rich     Low_complexity         3    178    (0)  39  
  276    7.7  0.0  9.7  baboon    14460 14531 (31734) + (CGGGG)n   Simple_repeat          2     66    (0)  40  
  323   26.8  8.6  0.8  baboon    15237 15364 (30901) C L2a        LINE/L2              (1)   3425   3288  41  
  441   16.0 16.1  4.4  baboon    15367 15503 (30762) + L1MC4a     LINE/L1             5331   5483 (2399)  42  
  238   33.3  6.7  9.0  baboon    15597 16061 (30204) + L1MC4a     LINE/L1             5720   6173 (1709)  42  
 1038   18.9 11.5  8.4  baboon    16067 16352 (29913) + AluJr4     SINE/Alu               3    297   (15)  43  
  828   20.5  0.0  2.3  baboon    16357 16376 (29889) + FRAM       SINE/Alu               2     21  (155)  44  
 2791   16.2  1.0  4.2  baboon    16377 16593 (29672) C MER66B     LTR/ERV1             (0)    486    276  45  
 1363    3.9  0.0  2.2  baboon    16604 16787 (29478) + (TTTC)n    Simple_repeat          1    180    (0)  46  
 2186    8.6  0.3  0.3  baboon    16788 17079 (29186) C AluY       SINE/Alu            (19)    292      1  47  
 2791   16.2  1.0  4.2  baboon    17080 17363 (28902) C MER66B     LTR/ERV1           (211)    275      1  45  
  828   20.5  0.0  2.3  baboon    17364 17517 (28748) + FRAM       SINE/Alu              22    172    (4)  44  
 1762   15.2  0.6  8.2  baboon    17520 17848 (28417) + AluJr      SINE/Alu               1    304    (8)  48  
 2339    9.0  0.0  0.7  baboon    17850 18148 (28117) + AluYc      SINE/Alu               1    297    (2)  49  
  539   18.3  2.4  1.6  baboon    18408 18531 (27734) + L1MB8      LINE/L1             5990   6116   (62)  50  
 2303    9.3  0.0  2.9  baboon    18532 18842 (27423) + AluY       SINE/Alu               1    302    (9)  51  
  267   34.3  1.7  3.4  baboon    18843 18895 (27370) + L1MB8      LINE/L1             6113   6164   (15)  50  
 2237   13.5  0.0  0.0  baboon    18934 19237 (27028) + AluSx      SINE/Alu               1    304    (8)  52  
  524   27.9  9.3  4.1  baboon    19268 19536 (26729) C L1MC4      LINE/L1              (1)   8041   7759  53  
  960   14.1  0.6  0.0  baboon    19539 19701 (26564) C HSMAR2     DNA/TcMar-Mariner   (60)   1242   1079  54  
 1738    7.3  1.4  0.0  baboon    19703 19942 (26323) C AluSx      SINE/Alu             (0)    312     70  55  
 1123   10.7  1.3  0.0  baboon    19944 20092 (26173) + AluSx      SINE/Alu             145    295   (17)  56  
  251   27.6  5.6  2.8  baboon    20159 20266 (25999) C L2a        LINE/L2            (190)   3236   3126  57  
  315   32.9 10.4  1.5  baboon    20392 20650 (25615) C L2a        LINE/L2            (846)   2573   2292  57  
  549   17.8  5.6  0.0  baboon    21715 21804 (24461) C AluSz6     SINE/Alu             (0)    312    218  58  
 2136   13.6  0.3  0.0  baboon    21902 22196 (24069) + AluSx      SINE/Alu               5    300   (12)  59  
  311   28.8  7.6  0.6  baboon    22211 22367 (23898) + L1ME5      LINE/L1             5915   6082  (112)  60  
  218   31.2  8.0  2.7  baboon    22552 22663 (23602) + MIR        SINE/MIR              35    152  (110)  61  
  426   12.7  3.0 14.3  baboon    23276 23478 (22787) + G-rich     Low_complexity         1    180    (0)  62  
  303    7.4  0.0  9.3  baboon    24359 24433 (21832) + (CGGGG)n   Simple_repeat          4     71    (0)  63  
  286   28.2  8.1  2.4  baboon    26822 26964 (19301) + MIRb       SINE/MIR              27    189   (79)  64  
 2057   13.7  3.7  0.0  baboon    27461 27759 (18506) C AluSz      SINE/Alu             (2)    310      1  65  
  207    0.0  0.0  0.0  baboon    30006 30028 (16237) + (CA)n      Simple_repeat          1     23    (0)  66  
 2079    9.6  1.4  0.0  baboon    30353 30673 (15592) C AluSp      SINE/Alu             (0)    313      1  67  
  243    0.0  0.0  0.0  baboon    32391 32417 (13848) + (CA)n      Simple_repeat          1     27    (0)  68  
 1749   15.7  7.5  0.0  baboon    32711 32991 (13274) C AluSc8     SINE/Alu            (10)    302      1  69  
 2522    6.8  0.0  0.3  baboon    33081 33389 (12876) + AluY       SINE/Alu               1    308    (3)  70  
 2480    7.3  0.3  0.0  baboon    33585 33886 (12379) + AluSp      SINE/Alu               5    307    (6)  71  
   21    0.0  0.0  0.0  baboon    35349 35369 (10896) + GC_rich    Low_complexity         1     21    (0)  72  
  586   17.0  1.1  0.0  baboon    37350 37457  (8808) + HY3        scRNA                  1    119    (0)  73  
 1679   14.9 11.6  0.0  baboon    37472 37746  (8519) + AluSq2     SINE/Alu               3    309    (3)  74  
 2193   11.9  0.0  0.3  baboon    37757 38049  (8216) + AluSx3     SINE/Alu               1    292   (20)  75  
 1545   22.2  6.1  2.0  baboon    38058 38300  (7965) + L1MB5      LINE/L1             5743   5996  (178)  76  
 1571    4.4 28.9  0.4  baboon    38301 38528  (7737) C AluY       SINE/Alu            (18)    293      1  77  
 1545   22.2  6.1  2.0  baboon    38529 38693  (7572) + L1MB5      LINE/L1             5997   6168    (6)  76  
  185   32.2  9.2  0.0  baboon    38824 38910  (7355) C MIRb       SINE/MIR            (54)    214    120  78  
 1970    6.1  2.0  0.0  baboon    38999 39244  (7021) + AluSx1     SINE/Alu               1    251   (61)  79  
  307    8.1  0.0  0.0  baboon    39245 39281  (6984) C AluSg4     SINE/Alu           (166)    146    110  80  
  228   11.1  0.0  0.0  baboon    40998 41033  (5232) + (CA)n      Simple_repeat          2     37    (0)  81  
 2565    5.0  0.0  0.0  baboon    41089 41389  (4876) C AluY       SINE/Alu            (10)    301      1  82  
 2457    5.8  0.0  0.0  baboon    41392 41684  (4581) C AluY       SINE/Alu            (17)    294      2  83  
 2074   12.5  1.0  0.0  baboon    41764 42051  (4214) + AluSx      SINE/Alu               1    291   (21)  84  
 2228   10.2  1.3  1.9  baboon    42122 42435  (3830) + AluSx1     SINE/Alu               1    312    (0)  85  
 1878   15.0  4.1  0.0  baboon    42594 42886  (3379) + AluJr      SINE/Alu               8    312    (0)  86  
 1855   15.9  0.7  0.0  baboon    42892 43174  (3091) + AluSc5     SINE/Alu              17    301   (11)  87  
  241   32.8  6.1  0.8  baboon    43544 43675  (2590) C L1M5       LINE/L1            (415)   5709   5571  88  
 2418    8.6  0.0  1.0  baboon    43780 44092  (2173) + AluY       SINE/Alu               1    310    (1)  89  
 1997   12.7  2.4  0.0  baboon    44093 44384  (1881) + AluSc5     SINE/Alu               1    299   (13)  90  
 2600    5.1  0.0  1.0  baboon    44385 44698  (1567) + AluY       SINE/Alu               1    311    (0)  91  
 2035   15.5  0.0  0.0  baboon    45172 45467   (798) C AluSg4     SINE/Alu            (16)    296      1  92  
  397   25.3  0.0  0.0  baboon    45500 45586   (679) + L1MB3      LINE/L1             6067   6153   (30)  93  
 2263   10.7  0.0  1.9  baboon    45606 45922   (343) + AluY       SINE/Alu               1    311    (0)  94  
