   SW   perc perc perc  query     position in query     matching repeat              position in repeat
score   div. del. ins.  sequence  begin end    (left)   repeat   class/family      begin  end    (left)  ID

 1137   17.3 13.5  3.0  chimp        24   138 (49363) + L1MB8    LINE/L1             5032   5159  (987)   1  
 2285    8.8  0.0  0.7  chimp       139   434 (49067) + AluSc    SINE/Alu               1    294   (15)   2  
 1137   17.3 13.5  3.0  chimp       435   651 (48850) + L1MB8    LINE/L1             5160   5399  (747)   1  
 2318   18.9 11.8  5.9  chimp       732  1384 (48117) + L1MB8    LINE/L1             5387   6079   (99)   1  
 2510    5.8  0.0  0.0  chimp      1385  1679 (47822) + AluY     SINE/Alu               2    296   (15)   3  
 2318   18.9 11.8  5.9  chimp      1680  1773 (47728) + L1MB8    LINE/L1             6080   6178    (0)   1  
 1333    9.1  0.0  0.0  chimp      2064  2228 (47273) C AluY     SINE/Alu            (14)    297    133   4  
 2491    6.3  0.0  0.3  chimp      2229  2528 (46973) C AluY     SINE/Alu            (12)    299      1   5  
  254   27.6  9.0  2.0  chimp      3408  3507 (45994) + MIR3     SINE/MIR              87    193   (15)   6  
  257   28.3  6.1  6.1  chimp      3933  4030 (45471) C MIR      SINE/MIR            (80)    182     85   7  
  331   30.0  2.2 12.6  chimp      4326  4388 (45113) + MIRb     SINE/MIR              96    152  (116)   8  
 1753   15.9  0.3  1.4  chimp      4389  4706 (44795) + AluJb    SINE/Alu               3    312    (0)   9  
  331   30.0  2.2 12.6  chimp      4707  4825 (44676) + MIRb     SINE/MIR             153    259    (9)   8  
 2116   11.7  0.0  3.3  chimp      4924  5230 (44271) + AluSx3   SINE/Alu               1    297   (15)  10  
 1778   22.7  2.6  4.1  chimp      5256  5718 (43783) C L1MB5    LINE/L1              (9)   6165   5710  11  
 1552   22.6  9.5  7.4  chimp      5806  6063 (43438) + L1ME3B   LINE/L1             5204   5464  (778)  12  
 2273   10.1  0.3  0.3  chimp      6064  6360 (43141) C AluSg    SINE/Alu            (13)    297      1  13  
 1552   22.1  8.2  9.2  chimp      6361  6398 (43103) + L1ME3B   LINE/L1             5465   5502  (740)  12  
 1650   14.9 19.2  5.1  chimp      6399  6579 (42922) + MSTC     LTR/ERVL-MaLR          1    208  (220)  14  
 2419    7.7  0.0  1.9  chimp      6580  6889 (42612) + AluY     SINE/Alu               1    304    (7)  15  
 1650   14.9 19.2  5.1  chimp      6890  7082 (42419) + MSTC     LTR/ERVL-MaLR        209    428    (0)  14  
 1552   22.1  8.2  9.2  chimp      7083  7468 (42033) + L1ME3B   LINE/L1             5503   5885  (357)  12  
 2110   12.3  0.0  0.3  chimp      7516  7826 (41675) + AluSx    SINE/Alu               1    312    (0)  16  
 2562    6.4  0.0  0.3  chimp      7833  8144 (41357) + AluY     SINE/Alu               1    311    (0)  17  
 2119   12.5  0.0  0.3  chimp      8166  8454 (41047) + AluJb    SINE/Alu              12    299   (13)  18  
  352   26.9  2.4  3.6  chimp      8462  8581 (40920) + L1ME3B   LINE/L1             5888   6007  (235)  12  
 2204    7.3  2.2  0.0  chimp      8582  8854 (40647) + AluY     SINE/Alu              13    291   (20)  19  
  352   26.9  2.4  3.6  chimp      8855  8899 (40602) + L1ME3B   LINE/L1             6008   6051  (191)  12  
  430   12.5  0.0  0.0  chimp      9909  9964 (39537) + AluYc    SINE/Alu             232    287   (12)  20  
  505   17.4  2.4  3.2  chimp     10048 10172 (39329) + L1MD     LINE/L1             4597   4720 (1426)  21  
  489    8.8  0.0  0.0  chimp     10183 10250 (39251) C L1MB8    LINE/L1              (1)   6177   6110  22  
 2035    7.5  0.8  0.0  chimp     10251 10503 (38998) + AluSp    SINE/Alu               1    255   (58)  23  
  437   12.8  2.4  7.1  chimp     10506 10558 (38943) C L1M4     LINE/L1            (821)   5325   5275  24  
 1887   14.4  0.0  5.6  chimp     10559 10705 (38796) + AluSx    SINE/Alu               1    140  (172)  25  
 2329    9.7  0.7  0.0  chimp     10706 11005 (38496) + AluSp    SINE/Alu               1    302   (11)  26  
 1887   14.4  0.0  5.6  chimp     11006 11181 (38320) + AluSx    SINE/Alu             141    306    (6)  25  
  437   12.8  2.4  7.1  chimp     11182 11253 (38248) C L1M4     LINE/L1            (872)   5274   5206  24  
 1839   24.1  4.0  3.5  chimp     11259 11861 (37640) + L1MD     LINE/L1             4725   5331  (815)  21  
 2456    7.4  0.0  0.0  chimp     11862 12157 (37344) + AluY     SINE/Alu               1    296   (15)  27  
 1839   24.1  4.0  3.5  chimp     12158 12173 (37328) + L1MD     LINE/L1             5332   5347  (799)  21  
 1060    7.6  0.0  0.0  chimp     12174 12304 (37197) + AluSg7   SINE/Alu               1    131  (181)  28  
 2267   11.1  0.3  0.3  chimp     12325 12630 (36871) + AluSc5   SINE/Alu               1    306    (6)  29  
  287   18.4  1.9 15.1  chimp     13479 13683 (35818) + G-rich   Low_complexity         1    178    (0)  30  
  317    9.5  0.8 10.8  chimp     14607 14736 (34765) + (CGGGG)n Simple_repeat          5    121    (0)  31  
  365   27.8  7.6  0.9  chimp     15394 15546 (33955) C L2a      LINE/L2              (1)   3425   3214  32  
  331   15.3  3.5 14.8  chimp     15565 15679 (33822) + L1MC     LINE/L1             5382   5483 (2399)  33  
 2517    5.9  0.3  0.0  chimp     15957 16260 (33241) C AluY     SINE/Alu             (6)    305      1  34  
  973   22.6 11.0  9.2  chimp     16611 16747 (32754) + AluSx    SINE/Alu               1    140  (162)  35  
 2446    7.8  0.0  0.3  chimp     16748 17054 (32447) + AluY     SINE/Alu               1    306    (5)  36  
  973   22.6 11.0  9.2  chimp     17055 17208 (32293) + AluSx    SINE/Alu             141    297    (5)  35  
 2017   16.0  9.3  3.2  chimp     17224 17662 (31839) C MER66B   LTR/ERV1            (16)    470      5  37  
  915   20.8  0.0  0.0  chimp     17665 17823 (31678) + AluJo    SINE/Alu             153    311    (1)  38  
 1497   21.5  0.6  3.5  chimp     17826 17948 (31553) + AluJb    SINE/Alu               1    120  (192)  39  
  216    0.0  0.0  0.0  chimp     17949 17972 (31529) + (TA)n    Simple_repeat          2     25    (0)  40  
 1497   21.5  0.6  3.5  chimp     17973 18166 (31335) + AluJb    SINE/Alu             121    309    (3)  39  
  534   23.1  5.1  2.3  chimp     18443 18561 (30940) + L1MB8    LINE/L1             5997   6120   (58)  41  
 2207   11.1  0.0  0.3  chimp     18562 18858 (30643) + AluSx    SINE/Alu               1    296   (16)  42  
  534   23.1  5.1  2.3  chimp     18859 18915 (30586) + L1MB8    LINE/L1             6121   6178    (0)  41  
  516   29.1  6.1  3.3  chimp     18914 19158 (30343) C L1MC4    LINE/L1             (32)   8010   7759  43 *
  899   14.7  0.6  0.0  chimp     19161 19323 (30178) C HSMAR2   DNA/TcMar-Mariner   (60)   1242   1079  44  
 1786   11.2  0.0  0.0  chimp     19331 19563 (29938) C AluSx    SINE/Alu            (10)    302     70  45  
 1155    6.2  2.1  0.0  chimp     19570 19714 (29787) + AluSx    SINE/Alu             156    303    (9)  46  
  247   25.7  5.6  2.8  chimp     19775 19882 (29619) C L2a      LINE/L2            (190)   3236   3126  32  
  274   35.2  8.4  4.5  chimp     19992 20277 (29224) C L2a      LINE/L2            (831)   2588   2292  32  
  531   16.5  2.4  0.0  chimp     22050 22134 (27367) C AluYh9   SINE/Alu             (1)    310    224  47  
 2138   14.1  0.0  0.3  chimp     22234 22538 (26963) + AluSx    SINE/Alu               1    304    (8)  48  
  284   24.2  9.8  2.6  chimp     22557 22709 (26792) + L1ME5    LINE/L1             5919   6082  (112)  49  
  225   25.6  5.9  3.5  chimp     22922 23006 (26495) + MIRc     SINE/MIR              70    156  (112)  50  
  306   17.8  0.0 18.2  chimp     23627 23846 (25655) + G-rich   Low_complexity         1    180    (0)  51  
  244   23.6  3.7  4.3  chimp     23767 23930 (25571) + GA-rich  Low_complexity         1    163    (0)  52 *
  285   27.0  1.8  7.3  chimp     23963 24126 (25375) + G-rich   Low_complexity         1    155    (0)  53  
  317    9.5  0.8 10.8  chimp     25050 25179 (24322) + (CGGGG)n Simple_repeat          5    121    (0)  54  
  183    8.0  0.0  0.0  chimp     27182 27206 (22295) + (TTCA)n  Simple_repeat          2     26    (0)  55  
  249   33.1 10.7  0.7  chimp     27470 27618 (21883) + MIRb     SINE/MIR              38    201   (67)  56  
 2218   13.4  0.0  0.6  chimp     28117 28430 (21071) C AluSz    SINE/Alu             (0)    312      1  57  
 2201    9.2  0.3  0.0  chimp     30668 30996 (18505) + AluSp    SINE/Alu               4    313    (0)  58  
  261    0.0  0.0  0.0  chimp     31017 31045 (18456) + (CA)n    Simple_repeat          1     29    (0)  59  
 2139    8.9  0.0  2.8  chimp     31372 31713 (17788) C AluY     SINE/Alu             (0)    311      1  60  
 2136   10.7  0.0  0.7  chimp     31721 32010 (17491) C AluSc5   SINE/Alu            (22)    290      3  61  
   32    8.1  0.0  0.0  chimp     32907 32980 (16521) + GC_rich  Low_complexity         1     74    (0)  62  
  195    4.2  0.0  0.0  chimp     34208 34231 (15270) + (CAAAA)n Simple_repeat          1     24    (0)  63  
 2172   11.0  0.7  0.0  chimp     34942 35231 (14270) + AluSp    SINE/Alu               8    299   (14)  64  
   25    3.1  0.0  0.0  chimp     36792 36823 (12678) + GC_rich  Low_complexity         1     32    (0)  65  
  195    4.2  0.0  0.0  chimp     38008 38031 (11470) + (CAAAA)n Simple_repeat          1     24    (0)  66  
 2254   10.4  0.7  0.0  chimp     38738 39034 (10467) + AluSp    SINE/Alu               4    302   (11)  67  
   23    3.3  0.0  0.0  chimp     40515 40544  (8957) + GC_rich  Low_complexity         1     30    (0)  68  
  567   16.2  0.0  1.0  chimp     42547 42646  (6855) + HY3      scRNA                  1     99    (2)  69  
 1688   12.1 12.5  0.0  chimp     42667 42922  (6579) + AluSq2   SINE/Alu               1    288   (24)  70  
  297    0.0  0.0  0.0  chimp     42923 42955  (6546) + (TTAAA)n Simple_repeat          3     35    (0)  71  
 2371    9.3  0.0  0.3  chimp     42969 43268  (6233) + AluSx3   SINE/Alu               1    299   (13)  72  
 1382   22.6  7.7  1.5  chimp     43270 43673  (5828) + L1MB5    LINE/L1             5746   6174    (0)  73  
  242   29.2  9.9  5.0  chimp     43793 43893  (5608) C MIRb     SINE/MIR            (49)    219    114  74  
 1856    8.3  4.2  0.0  chimp     43976 44216  (5285) + AluSx    SINE/Alu               1    251   (61)  75  
  309    8.1  0.0  0.0  chimp     44217 44253  (5248) C AluSg4   SINE/Alu           (166)    146    110  76  
   27    6.2  0.0  0.0  chimp     44899 44946  (4555) + GC_rich  Low_complexity         1     48    (0)  77  
 2546    5.3  0.0  0.0  chimp     46124 46422  (3079) + AluY     SINE/Alu               1    299   (12)  78  
 1221    9.5  1.3  0.0  chimp     46423 46580  (2921) + AluSx1   SINE/Alu             134    293   (19)  79  
 2365    8.2  0.0  0.0  chimp     46668 46960  (2541) + AluSx1   SINE/Alu               1    293   (19)  80  
 2188    9.3  1.7  0.0  chimp     46961 47251  (2250) + AluSc5   SINE/Alu               3    298   (14)  81  
 2205   11.0  1.0  1.0  chimp     47702 48001  (1500) C AluSc    SINE/Alu             (9)    300      1  82  
  405   24.6  4.5  1.8  chimp     48034 48145  (1356) + L1MB3    LINE/L1             6067   6181    (2)  83  
 2427    6.7  0.0  1.3  chimp     48157 48456  (1045) + AluY     SINE/Alu               1    296   (15)  84  
 1684   18.2  2.4  1.0  chimp     48784 49079   (422) + AluJo    SINE/Alu               2    301   (11)  85  
 1951    9.2  9.2  0.7  chimp     49084 49354   (147) + AluSg7   SINE/Alu               1    294   (18)  86  
