   SW   perc perc perc  query     position in query     matching repeat              position in repeat
score   div. del. ins.  sequence  begin end    (left)   repeat   class/family      begin  end    (left)  ID

 2307   10.3  0.0  0.0  colobus     291   592 (53332) C AluY     SINE/Alu             (7)    304      3   1  
  252   27.6  9.0  2.0  colobus    1900  1999 (51925) + MIR3     SINE/MIR              87    193   (15)   2  
  184   36.6  0.0  7.9  colobus    2437  2525 (51399) C MIR      SINE/MIR            (96)    166     85   3  
  362   30.6  2.3 10.3  colobus    2818  2878 (51046) + MIR      SINE/MIR              89    145  (117)   4  
 1660   17.5  0.0  7.7  colobus    2879  3204 (50720) + AluJb    SINE/Alu               1    301   (11)   5  
  362   30.6  2.3 10.3  colobus    3205  3317 (50607) + MIR      SINE/MIR             146    249   (13)   4  
 2016   14.2  0.6  1.3  colobus    3422  3555 (50369) + AluSx    SINE/Alu               1    134  (178)   6  
 2352    8.9  0.0  0.7  colobus    3556  3858 (50066) + AluY     SINE/Alu               1    301   (10)   7  
 2016   14.2  0.6  1.3  colobus    3859  4036 (49888) + AluSx    SINE/Alu             135    311    (1)   6  
 1170   14.6  1.1  1.1  colobus    4038  4215 (49709) + AluSx    SINE/Alu             134    311    (1)   8  
 1727   23.0  2.8  3.9  colobus    4241  4701 (49223) C L1MB5    LINE/L1              (9)   6165   5710   9  
  576   22.2 13.1  0.0  colobus    4786  5018 (48906) + L1ME3B   LINE/L1             5204   5463  (779)  10  
 2294   11.2  0.3  0.3  colobus    5044  5348 (48576) C AluSg    SINE/Alu             (5)    305      1  11  
 1278   17.4 19.2  5.1  colobus    5388  5566 (48358) + MSTC     LTR/ERVL-MaLR          2    206  (222)  12  
 2361   10.4  0.7  0.0  colobus    5567  5875 (48049) + AluY     SINE/Alu               1    311    (0)  13  
 1278   17.4 19.2  5.1  colobus    5876  6065 (47859) + MSTC     LTR/ERVL-MaLR        207    423    (5)  12  
 1242   24.1  6.0  3.1  colobus    6078  6463 (47461) + L1ME3B   LINE/L1             5490   5886  (356)  10  
 2220   11.4  0.0  0.3  colobus    6512  6810 (47114) + AluSz    SINE/Alu               1    298   (14)  14  
 1952   16.3  0.0  1.0  colobus    6828  7122 (46802) + AluJb    SINE/Alu              12    303    (9)  15  
  343   28.1  7.0  3.2  colobus    7130  7243 (46681) + L1ME3B   LINE/L1             5888   6007  (235)  10  
 1905    8.2 10.1  0.4  colobus    7244  7510 (46414) + AluY     SINE/Alu               1    293   (18)  16  
  343   28.1  7.0  3.2  colobus    7511  7553 (46371) + L1ME3B   LINE/L1             6008   6051  (191)  10  
  509   17.4  0.0  6.1  colobus    8614  8711 (45213) C AluJo    SINE/Alu           (219)     93      2  17  
  234    8.7  2.2  0.0  colobus    8714  8759 (45165) C L1M4     LINE/L1            (821)   5325   5279  18  
 1022   12.9  0.0  1.4  colobus    8767  8913 (45011) + AluSz6   SINE/Alu               1    145  (167)  19  
 2318    9.8  1.0  0.0  colobus    8914  9219 (44705) + AluSc8   SINE/Alu               1    309    (3)  20  
 2094   13.9  0.3  0.0  colobus    9236  9530 (44394) + AluSx    SINE/Alu               1    296   (16)  21  
  278   17.1  6.0  1.2  colobus    9533  9615 (44309) C L1M4     LINE/L1            (869)   5277   5191  18 *
 1539   24.0  7.9  4.8  colobus    9601 10005 (43919) + L1MD     LINE/L1             4720   5138 (1008)  22  
 2254    9.0  0.0  3.5  colobus   10006 10316 (43608) + AluY     SINE/Alu               1    300   (11)  23  
 1539   24.0  7.9  4.8  colobus   10317 10519 (43405) + L1MD     LINE/L1             5139   5347  (799)  22  
 1049    7.6  0.0  0.0  colobus   10520 10650 (43274) + AluSg7   SINE/Alu               1    131  (181)  24  
 1973   16.0  0.7  0.3  colobus   10656 10955 (42969) + AluSc5   SINE/Alu               1    301   (11)  25  
  278   31.0  0.0  1.0  colobus   11807 11907 (42017) + G-rich   Low_complexity         3    102    (0)  26  
  185   10.8  0.0  2.6  colobus   12786 12823 (41101) + (CGGGG)n Simple_repeat          5     41    (0)  27  
  314   29.7  7.8  0.8  colobus   13555 13683 (40241) C L2a      LINE/L2              (1)   3425   3288  28  
  274   17.7 15.4 12.8  colobus   13686 13834 (40090) + L1MC4a   LINE/L1             5331   5483 (2399)  29  
  565   30.8  8.1  8.9  colobus   13908 14389 (39535) + L1MC4a   LINE/L1             5696   6173 (1709)  29  
 1007   20.8 11.3  8.1  colobus   14397 14680 (39244) + AluJr4   SINE/Alu               5    297   (15)  30  
  802   21.6  0.0  2.3  colobus   14685 14704 (39220) + FRAM     SINE/Alu               2     21  (155)  31  
 2767   18.5  0.8  2.8  colobus   14705 15200 (38724) C MER66B   LTR/ERV1             (0)    486      1  32  
  802   21.6  0.0  2.3  colobus   15201 15354 (38570) + FRAM     SINE/Alu              22    172    (4)  31  
 1662   16.3  0.6  8.6  colobus   15357 15681 (38243) + AluJr    SINE/Alu               1    299   (13)  33  
 2390    8.7  0.0  0.3  colobus   15683 15982 (37942) + AluYc    SINE/Alu               1    299    (0)  34  
 2197    3.3  2.6  1.1  colobus   16048 16317 (37607) + AluY     SINE/Alu               1    274   (37)  35  
  489   21.3  1.6  0.8  colobus   16518 16640 (37284) + L1MB8    LINE/L1             5993   6116   (62)  36  
 2291    9.6  0.0  1.6  colobus   16642 16944 (36980) + AluY     SINE/Alu               1    298   (13)  37  
 2187   13.5  0.0  0.0  colobus   17036 17331 (36593) + AluSx    SINE/Alu               1    296   (16)  38  
  488   28.4  8.2  3.0  colobus   17362 17630 (36294) C L1MC4    LINE/L1              (1)   8041   7759  39  
  886   15.3  0.6  0.0  colobus   17633 17795 (36129) C HSMAR2   DNA/TcMar-Mariner   (60)   1242   1079  40  
 1670   13.4  0.8  0.0  colobus   17799 18037 (35887) C AluSx    SINE/Alu             (2)    310     70  41  
 1177    9.8  1.3  0.0  colobus   18039 18191 (35733) + AluSx    SINE/Alu             145    299   (13)  42  
  284   27.7 21.1  0.0  colobus   18200 18365 (35559) C L2a      LINE/L2            (100)   3326   3126  43  
  427   33.6  8.0  2.2  colobus   18482 18755 (35169) C L2a      LINE/L2            (838)   2581   2292  43  
 2582    4.6  0.0  0.3  colobus   19069 19373 (34551) + AluY     SINE/Alu               7    310    (1)  44  
 1161   15.0  0.0  0.0  colobus   19374 19540 (34384) + AluSx    SINE/Alu             134    300   (12)  45  
  274   31.1  5.4  0.0  colobus   19555 19702 (34222) + L1ME5    LINE/L1             5915   6070  (124)  46  
  251   23.2  5.9  3.5  colobus   19923 20007 (33917) + MIRc     SINE/MIR              70    156  (112)  47  
  262   32.0  0.0  1.0  colobus   20619 20719 (33205) + G-rich   Low_complexity         3    102    (0)  48  
  185   10.8  0.0  2.6  colobus   21601 21638 (32286) + (CGGGG)n Simple_repeat          5     41    (0)  49  
  314   29.7  7.8  0.8  colobus   22365 22493 (31431) C L2a      LINE/L2              (1)   3425   3288  50  
  274   17.7 15.4 12.8  colobus   22496 22644 (31280) + L1MC4a   LINE/L1             5331   5483 (2399)  51  
  617   30.7  7.9  8.7  colobus   22718 23199 (30725) + L1MC4a   LINE/L1             5696   6173 (1709)  51  
 1007   20.8 11.3  8.1  colobus   23207 23490 (30434) + AluJr4   SINE/Alu               5    297   (15)  52  
  851   22.2  0.0  2.3  colobus   23495 23514 (30410) + FRAM     SINE/Alu               2     21  (155)  53  
 2805   17.8  0.8  2.8  colobus   23515 24010 (29914) C MER66B   LTR/ERV1             (0)    486      1  54  
  851   22.2  0.0  2.3  colobus   24011 24164 (29760) + FRAM     SINE/Alu              22    172    (4)  53  
 1642   16.4  0.6  8.7  colobus   24167 24489 (29435) + AluJr    SINE/Alu               1    297   (15)  55  
 2411    8.0  0.0  0.3  colobus   24491 24790 (29134) + AluYc    SINE/Alu               1    299    (0)  56  
 2577    4.5  0.3  1.0  colobus   24859 25170 (28754) + AluY     SINE/Alu               1    310    (1)  57  
  489   21.3  1.6  0.8  colobus   25382 25504 (28420) + L1MB8    LINE/L1             5993   6116   (62)  58  
 2291    9.6  0.0  1.6  colobus   25506 25808 (28116) + AluY     SINE/Alu               1    298   (13)  59  
 2187   13.5  0.0  0.0  colobus   25900 26195 (27729) + AluSx    SINE/Alu               1    296   (16)  60  
  470   28.4  8.2  3.0  colobus   26226 26494 (27430) C L1MC4    LINE/L1              (1)   8041   7759  61  
  893   14.7  0.6  0.0  colobus   26497 26659 (27265) C HSMAR2   DNA/TcMar-Mariner   (60)   1242   1079  62  
 1579   12.7  0.9  0.0  colobus   26661 26901 (27023) C AluSx    SINE/Alu             (0)    312     70  63  
 1163   10.4  1.3  0.0  colobus   26903 27056 (26868) + AluSx    SINE/Alu             145    300   (12)  64  
  427   33.6  8.0  2.2  colobus   27351 27624 (26300) C L2a      LINE/L2            (838)   2581   2292  50  
 2377    6.6  0.3  0.7  colobus   27953 28253 (25671) C AluY     SINE/Alu            (11)    300      1  65  
  489   21.6  5.7  0.0  colobus   29001 29088 (24836) C AluSz6   SINE/Alu             (2)    310    218  66  
 2123   11.3  0.0  1.3  colobus   29161 29296 (24628) + AluSx    SINE/Alu               1    135  (177)  67  
 2615    4.5  0.0  0.3  colobus   29297 29606 (24318) + AluY     SINE/Alu               1    309    (2)  68  
 2123   11.3  0.0  1.3  colobus   29607 29773 (24151) + AluSx    SINE/Alu             136    300   (12)  67  
  269   29.2  6.1  0.7  colobus   29788 29935 (23989) + L1ME5    LINE/L1             5915   6070  (124)  69  
  251   23.2  5.9  3.5  colobus   30156 30240 (23684) + MIRc     SINE/MIR              70    156  (112)  70  
  215   23.8  0.0  3.1  colobus   30852 30916 (23008) + G-rich   Low_complexity         3     65    (0)  71  
  184   30.7  1.2 15.2  colobus   33275 33439 (20485) C MIR      SINE/MIR            (41)    221     80  72  
  299   30.8  9.0  0.7  colobus   33593 33736 (20188) + MIRb     SINE/MIR              46    201   (67)  73  
 1995   15.1  3.7  0.0  colobus   34221 34519 (19405) C AluSz    SINE/Alu             (2)    310      1  74  
 2551    5.9  0.7  0.0  colobus   36723 37025 (16899) + AluY     SINE/Alu               1    305    (6)  75  
 2351    8.8  0.3  0.0  colobus   37217 37512 (16412) + AluSp    SINE/Alu               5    301   (12)  76  
   32    8.1  0.0  0.0  colobus   38978 39051 (14873) + GC_rich  Low_complexity         1     74    (0)  77  
 1728   15.2  7.6  0.0  colobus   40903 41178 (12746) C AluSc8   SINE/Alu            (15)    297      1  78  
 2485    6.7  0.7  0.0  colobus   41268 41566 (12358) + AluY     SINE/Alu               1    301   (10)  79  
 2317    9.2  0.3  0.0  colobus   41758 42052 (11872) + AluSp    SINE/Alu               5    300   (13)  80  
   32    8.1  0.0  0.0  colobus   43522 43595 (10329) + GC_rich  Low_complexity         1     74    (0)  81  
  452   20.2  0.0  1.0  colobus   45537 45636  (8288) + HY3      scRNA                  1     99    (2)  82  
 1764   13.4 11.6  0.0  colobus   45657 45933  (7991) + AluSq2   SINE/Alu               1    309    (3)  83  
 2236   11.8  0.0  0.7  colobus   45944 46247  (7677) + AluSx3   SINE/Alu               1    302   (10)  84  
 1423   22.6  7.2  1.5  colobus   46249 46648  (7276) + L1MB5    LINE/L1             5746   6168    (6)  85  
  242   29.2  9.9  5.0  colobus   46774 46874  (7050) C MIRb     SINE/MIR            (49)    219    114  86  
 2164    9.2  2.0  0.0  colobus   46957 47250  (6674) + AluSx    SINE/Alu               1    300   (12)  87  
  198    0.0  0.0  0.0  colobus   47253 47274  (6650) + (TAA)n   Simple_repeat          2     23    (0)  88  
 1736    9.9  3.3  0.0  colobus   47280 47522  (6402) + AluSx    SINE/Alu               1    251   (61)  89  
  293   10.8  0.0  0.0  colobus   47523 47559  (6365) C AluSg4   SINE/Alu           (166)    146    110  90  
   21    3.6  0.0  0.0  colobus   47889 47916  (6008) + GC_rich  Low_complexity         1     28    (0)  91  
   23    3.3  0.0  0.0  colobus   48676 48705  (5219) + GC_rich  Low_complexity         1     30    (0)  92  
  309    2.6  0.0  0.0  colobus   49223 49260  (4664) + (CA)n    Simple_repeat          2     39    (0)  93  
 1922   13.2  3.6  0.0  colobus   49387 49666  (4258) + AluSz    SINE/Alu               1    290   (22)  94  
 2303    9.9  0.0  0.7  colobus   49738 50040  (3884) + AluSx1   SINE/Alu               1    301   (11)  95  
 1880   16.6  1.0  0.3  colobus   50198 50492  (3432) + AluJr    SINE/Alu               8    304    (8)  96  
 1978   13.6  0.7  0.0  colobus   50495 50780  (3144) + AluSc5   SINE/Alu              14    301   (11)  97  
  241   25.4  9.2  1.7  colobus   50789 50908  (3016) + L1MC     LINE/L1             5734   5862 (2020)  98  
 2455    8.7  0.0  0.3  colobus   51386 51694  (2230) + AluY     SINE/Alu               1    308    (3)  99  
 2263   10.3  1.3  0.0  colobus   51695 51994  (1930) + AluSc5   SINE/Alu               1    304    (8) 100  
  188   31.9  0.0  7.1  colobus   52086 52183  (1741) + L2c      LINE/L2             3267   3357   (30) 101  
 2024   11.7  2.8  0.7  colobus   52468 52758  (1166) C AluSg4   SINE/Alu            (15)    297      1 102  
  833   12.2  0.0  0.8  colobus   52932 53054   (870) C AluY     SINE/Alu           (189)    122      1 103  
  334   27.3  0.0  0.0  colobus   53087 53174   (750) + L1MB3    LINE/L1             6067   6154   (29) 104  
 2090   10.0  3.3  1.3  colobus   53193 53311   (613) + AluY     SINE/Alu               1    122  (189) 105  
  207    0.0  0.0  0.0  colobus   53312 53334   (590) + (CAAA)n  Simple_repeat          2     24    (0) 106  
 2090   10.0  3.3  1.3  colobus   53335 53519   (405) + AluY     SINE/Alu             123    311    (0) 105  
   82    0.0  0.0  0.0  colobus   53520 53601   (323) + AT_rich  Low_complexity         1     82    (0) 107  
