   SW   perc perc perc  query     position in query     matching      repeat             position in repeat
score   div. del. ins.  sequence  begin end    (left)   repeat        class/family     begin  end    (left)  ID

  471   24.6  7.0  2.3  cow         952  1080 (64921) + MER3          DNA/hAT-Charlie      75    209    (0)   1  
 3154   24.1  2.8  1.0  cow        2902  3763 (62238) + L1MA4         LINE/L1            4520   5396  (744)   2  
 1795   21.3  4.1  0.0  cow        3989  4378 (61623) + L1MA4         LINE/L1            5401   5806  (485)   2  
  226   30.6  0.0  1.6  cow        4511  4573 (61428) C tRNA-Gly-GGG  tRNA                (9)     65      4   3  
  319   24.2  3.9  1.4  cow        4589  4706 (61295) + L1MA4         LINE/L1            5829   5941  (359)   2  
  225   12.9  0.0 11.4  cow        4729  4798 (61203) + A-rich        Low_complexity        3     64    (0)   4  
  366   26.2  5.6  0.0  cow        6097  6203 (59798) + HAL1_SS       LINE/L1            2894   3006   (10)   5  
  437   28.0  4.5  1.9  cow        6365  6599 (59402) + L1MD          LINE/L1            5246   5486  (756)   6  
  307   15.4  8.2  0.0  cow        6771  6842 (59159) + L1MD          LINE/L1            5718   5795  (447)   6  
   36    0.0  0.0  0.0  cow        7110  7145 (58856) + AT_rich       Low_complexity        1     36    (0)   7  
  186    4.3  0.0  0.0  cow        8362  8384 (57617) + (CAGTT)n      Simple_repeat         2     24    (0)   8  
  722   20.8  5.3  1.7  cow        9087  9307 (56694) + L1M4          LINE/L1            5205   5432  (748)   9  
  312   17.9  0.6  0.3  cow        9388  9466 (56535) + L1M4          LINE/L1            5422   5501  (663)   9  
  691   13.5  7.1  0.0  cow        9510  9635 (56366) + L1MB8         LINE/L1            6027   6161   (17)  10  
  277   25.0  1.4  1.4  cow        9966 10038 (55963) C tRNA-Glu-GAG_ tRNA                (2)     73      1  11  
  359   19.3  0.0  0.0  cow       12106 12162 (53839) C tRNA-Glu-GAG_ tRNA                (2)     73     17  12  
  215   26.9  3.5  8.2  cow       12802 12886 (53115) + MIRb          SINE/MIR            112    192   (76)  13  
  816   20.0 10.7  1.7  cow       13114 13420 (52581) C L1MB7         LINE/L1             (9)   6162   5816  14  
  418   24.5  0.7  3.4  cow       13590 13734 (52267) C L1MB7         LINE/L1          (2050)   5832   5688  14  
  485   24.8  4.4  0.0  cow       13750 13886 (52115) + L1M5          LINE/L1            5126   5268  (878)  15  
   25    0.0  0.0  0.0  cow       13985 14009 (51992) + AT_rich       Low_complexity        1     25    (0)  16  
  715   27.1 14.1  7.1  cow       14278 14801 (51200) + L1M5          LINE/L1            5258   5818  (424)  15  
  308   22.7  0.0  0.0  cow       16891 16965 (49036) + L1ME1         LINE/L1            4644   4718 (1428)  17  
  298   16.7  1.5  0.0  cow       16978 17043 (48958) C L1MB7         LINE/L1             (0)   6178   6112  18  
  339   24.0  0.0  1.3  cow       17051 17126 (48875) + tRNA-Glu-GAG_ tRNA                  1     75    (0)  19  
  574   19.7  8.9  0.6  cow       17175 17332 (48669) C L1MB8         LINE/L1            (55)   6123   5953  20  
  421   15.9 28.9  1.5  cow       17634 17782 (48219) C L1MB7         LINE/L1           (194)   5984   5793  18  
 1457   19.8  5.8  1.2  cow       17998 18324 (47677) C L1MB7         LINE/L1           (377)   5801   5460  18  
  429   10.7  1.3  0.0  cow       18365 18439 (47562) C L1MB7         LINE/L1           (698)   5480   5405  18  
  778   16.1  8.2  0.0  cow       18709 18906 (47095) C L1MB7         LINE/L1           (762)   5418   5206  18  
 2578   24.5  5.0  3.7  cow       18907 20326 (45675) + L1ME1         LINE/L1            4720   6169   (10)  17  
   26    0.0  0.0  6.7  cow       21682 21726 (44275) + GC_rich       Low_complexity        1     42    (0)  21  
  180   11.1  0.0  0.0  cow       22462 22488 (43513) + (TTCA)n       Simple_repeat         3     29    (0)  22  
  198    0.0  0.0  0.0  cow       22792 22813 (43188) + (CAG)n        Simple_repeat         2     23    (0)  23  
  522   18.1  3.2  5.7  cow       22923 23045 (42956) + L1MC          LINE/L1            5382   5501 (2381)  24  
  702   17.5  6.8  0.6  cow       23818 23978 (42023) + L1MB8         LINE/L1            5993   6163   (15)  25  
  301   29.0  2.8  9.7  cow       24815 24959 (41042) C L1MC4         LINE/L1           (140)   7902   7768  26  
  887   15.2  8.8  0.0  cow       27581 27814 (38187) C L1M4          LINE/L1           (740)   5440   5190  27  
  344   25.0  2.1  0.0  cow       27825 27920 (38081) + L1MC5         LINE/L1            7311   7408  (553)  28  
  232   20.7  0.0  1.7  cow       28323 28381 (37620) C tRNA-Gly-GGY  tRNA               (11)     63      6  29  
  292   32.2 10.1  1.4  cow       28597 28813 (37188) + L2a           LINE/L2            2940   3175  (251)  30  
  405   26.6 27.7  0.8  cow       28885 29152 (36849) C MER90a        LTR/ERV1            (8)    606    267  31  
  389   30.0 19.2  4.1  cow       30121 30391 (35610) C L2a           LINE/L2             (6)   3420   3109  32  
  247   30.7  0.0  1.3  cow       32515 32590 (33411) + tRNA-Glu-GAG_ tRNA                  1     75    (0)  33  
 1663   22.7  3.7  0.0  cow       32670 33078 (32923) + L1MA5         LINE/L1            5431   5854  (446)  34  
  363   22.8  0.0  0.1  cow       33223 33327 (32674) + L1MA5         LINE/L1            5836   5939  (361)  34  
  493   25.4  3.5  0.0  cow       33501 33614 (32387) + HAL1_SS       LINE/L1            2858   2975   (41)  35  
  576    7.7  0.0  0.0  cow       34082 34159 (31842) + (TA)n         Simple_repeat         1     78    (0)  36  
  247   15.3  5.7  4.8  cow       35104 35227 (30774) + (TGAG)n       Simple_repeat         2    126    (0)  37  
  204    9.7  0.0  0.0  cow       35364 35394 (30607) + (GGGA)n       Simple_repeat         2     32    (0)  38  
   21    0.0  0.0  0.0  cow       40704 40724 (25277) + AT_rich       Low_complexity        1     21    (0)  39  
 1131   18.9 14.4  2.7  cow       43669 44077 (21924) + L1MB7         LINE/L1            5726   6182    (2)  40  
  592   15.3  4.3  5.1  cow       44382 44519 (21482) + L1MB4         LINE/L1            6031   6167   (13)  41  
  208   32.2  0.0  0.0  cow       44522 44580 (21421) + MIR           SINE/MIR            204    262    (0)  42  
 1071   16.1 13.0  0.4  cow       46254 46515 (19486) C Tigger7       DNA/TcMar-Tigger (1969)    522    228  43  
  273   29.3  0.0  1.3  cow       48432 48507 (17494) + tRNA-Glu-GAG_ tRNA                  1     75    (0)  44  
  360   29.9  5.0  2.5  cow       48762 48922 (17079) C HAL1_SS       LINE/L1            (17)   2999   2835  45  
  451   28.5  2.6  1.6  cow       49142 49330 (16671) C L1MB5         LINE/L1             (6)   6168   5978  46  
  372   28.9 13.1  4.5  cow       50774 50972 (15029) + L1MB7         LINE/L1            5953   6168   (16)  47  
  305   21.9  2.7  2.7  cow       55461 55535 (10466) + tRNA-Glu-GAG_ tRNA                  1     75    (0)  48  
   22    0.0  0.0  0.0  cow       56637 56658  (9343) + AT_rich       Low_complexity        1     22    (0)  49  
 1387   21.2  4.5  2.5  cow       56914 57505  (8496) + L1MA9         LINE/L1            5083   5671  (620)  50  
  189    0.0  0.0  0.0  cow       57509 57529  (8472) + (CAGAT)n      Simple_repeat         3     23    (0)  51  
  596   27.4  1.2  0.5  cow       58820 59013  (6988) + L1MA9         LINE/L1            5833   6022  (278)  50  
  214   37.2  3.2  5.8  cow       61958 62111  (3890) + L3b           LINE/CR1           5076   5225    (7)  52  
  215   13.2  0.0  5.4  cow       62715 62770  (3231) + T-rich        Low_complexity        1     53    (0)  53  
  457   24.5  2.8  1.4  cow       64023 64163  (1838) + L1MD1         LINE/L1            5868   6010  (232)  54  
  261   32.5  0.0  0.0  cow       64202 64281  (1720) + L1MD1         LINE/L1            6097   6176   (66)  54  
