   SW   perc perc perc  query       position in query     matching repeat           position in repeat
score   div. del. ins.  sequence    begin end    (left)   repeat   class/family   begin  end    (left)  ID

  867   12.1  0.8  0.0  dusky_titi    868   991 (39734) + AluSx    SINE/Alu            1    125  (187)   1  
  189    0.0  0.0  0.0  dusky_titi    999  1019 (39706) + (TAA)n   Simple_repeat       2     22    (0)   2  
 1374   18.2  3.0  2.2  dusky_titi   1731  1999 (38726) + AluSx    SINE/Alu            3    273   (39)   3  
  189    0.0  0.0  0.0  dusky_titi   2010  2030 (38695) + (CAAAA)n Simple_repeat       5     25    (0)   4  
  267   32.7  4.0  0.0  dusky_titi   2038  2138 (38587) + MIRb     SINE/MIR          148    252   (16)   5  
 2333    8.2  0.7  0.0  dusky_titi   2251  2543 (38182) + AluSx1   SINE/Alu            8    302   (10)   6  
 1642   20.5  5.6  7.1  dusky_titi   2569  2817 (37908) C L1MB5    LINE/L1           (9)   6165   5920   7  
 1488   14.6 14.2  0.0  dusky_titi   2818  3071 (37654) C AluSg7   SINE/Alu         (22)    290      1   8  
 1642   21.0  5.6  6.4  dusky_titi   3072  3314 (37411) C L1MB5    LINE/L1         (255)   5919   5677   7  
  252   27.7 20.3  4.7  dusky_titi   3324  3415 (37310) + L1M5     LINE/L1          5138   5244  (902)   9  
 2241    6.9  3.8  0.3  dusky_titi   3416  3703 (37022) C AluSc    SINE/Alu         (11)    298      1  10  
  404   22.0 10.7  1.6  dusky_titi   3704  3922 (36803) + L1M5     LINE/L1          5245   5488  (666)   9  
 1254   20.4 11.5  4.4  dusky_titi   3966  4329 (36396) + MSTC     LTR/ERVL-MaLR      34    423    (5)  11  
  313   32.4  0.9  0.0  dusky_titi   4335  4439 (36286) + L1M5     LINE/L1          5483   5588  (654)   9  
  875   15.8  9.1  2.3  dusky_titi   4440  4461 (36264) + AluSx    SINE/Alu          115    138  (174)  12  
 2263   11.0  1.0  0.0  dusky_titi   4462  4770 (35955) + AluSx1   SINE/Alu            1    312    (0)  13  
  875   15.8  9.1  2.3  dusky_titi   4771  4922 (35803) + AluSx    SINE/Alu          139    301   (11)  12  
 2074   14.1  0.0  0.0  dusky_titi   4932  5222 (35503) + AluJb    SINE/Alu           10    300   (12)  14  
  321   15.9  0.0  0.0  dusky_titi   5225  5287 (35438) + L1ME3A   LINE/L1          5884   5946  (227)  15  
 1756   13.8  3.9  0.0  dusky_titi   5412  5693 (35032) + AluSc    SINE/Alu            1    293   (16)  16  
  195    4.2  0.0  0.0  dusky_titi   6154  6177 (34548) + (TC)n    Simple_repeat       1     24    (0)  17  
  279    0.0  0.0  0.0  dusky_titi   7908  7938 (32787) + (CGGGG)n Simple_repeat       1     31    (0)  18  
  207    6.9  0.0  0.0  dusky_titi   9947  9975 (30750) + (TTCA)n  Simple_repeat       2     30    (0)  19  
  292   31.8 10.7  0.7  dusky_titi  10248 10396 (30329) + MIRb     SINE/MIR           38    201   (67)  20  
 1048    7.6  0.0  0.0  dusky_titi  11959 12089 (28636) + AluSq10  SINE/Alu            1    131  (181)  21  
  514   21.6  2.1  0.0  dusky_titi  17050 17146 (23579) + AluSx4   SINE/Alu            1     99  (213)  22  
  917   16.9  0.7  0.0  dusky_titi  17185 17326 (23399) C FLAM_C   SINE/Alu          (0)    143      1  23  
 1765   12.8  8.1  0.4  dusky_titi  17327 17599 (23126) C AluSg    SINE/Alu         (16)    294      1  24  
 1327   17.1  0.9  1.4  dusky_titi  17602 17823 (22902) + AluSx4   SINE/Alu           87    307    (5)  22  
  342    0.0  0.0  0.0  dusky_titi  17838 17875 (22850) + (CA)n    Simple_repeat       1     38    (0)  25  
 1827   17.2  0.7  0.0  dusky_titi  18654 18950 (21775) C AluSp    SINE/Alu         (14)    299      1  26  
   32    6.7  0.0  0.0  dusky_titi  19996 20055 (20670) + GC_rich  Low_complexity      1     60    (0)  27  
  237   21.1  0.0  7.3  dusky_titi  20294 20375 (20350) + (CCCCG)n Simple_repeat       1     76    (0)  28  
  231    3.6  0.0  0.0  dusky_titi  22014 22041 (18684) + (CA)n    Simple_repeat       1     28    (0)  29  
 2000   14.5  1.3  0.0  dusky_titi  22308 22610 (18115) C AluSx1   SINE/Alu          (5)    307      1  30  
 1245   16.8 13.1  3.0  dusky_titi  22633 22900 (17825) C AluSq    SINE/Alu         (18)    295      1  31  
 2269    9.8  0.3  0.0  dusky_titi  23183 23477 (17248) + AluSp    SINE/Alu           10    305    (8)  32  
   32    6.7  0.0  0.0  dusky_titi  24369 24428 (16297) + GC_rich  Low_complexity      1     60    (0)  33  
  212   21.1  0.0  7.3  dusky_titi  24667 24748 (15977) + (CCCCG)n Simple_repeat       1     76    (0)  34  
  195    4.2  0.0  0.0  dusky_titi  26387 26410 (14315) + (CA)n    Simple_repeat       1     24    (0)  35  
 1971   14.3  2.0  0.0  dusky_titi  26677 26977 (13748) C AluSx1   SINE/Alu          (5)    307      1  36  
 1245   16.8 13.1  3.0  dusky_titi  27000 27267 (13458) C AluSq    SINE/Alu         (18)    295      1  37  
 2177   10.9  0.3  0.0  dusky_titi  27550 27842 (12883) + AluSp    SINE/Alu           10    303   (10)  38  
   32    6.7  0.0  0.0  dusky_titi  28733 28792 (11933) + GC_rich  Low_complexity      1     60    (0)  39  
  237   21.1  0.0  7.3  dusky_titi  29031 29112 (11613) + (CCCCG)n Simple_repeat       1     76    (0)  40  
  231    3.6  0.0  0.0  dusky_titi  30751 30778  (9947) + (CA)n    Simple_repeat       1     28    (0)  41  
 2000   14.5  1.3  0.0  dusky_titi  31045 31347  (9378) C AluSx1   SINE/Alu          (5)    307      1  42  
 1245   16.8 13.1  3.0  dusky_titi  31370 31637  (9088) C AluSq    SINE/Alu         (18)    295      1  43  
 2269    9.8  0.3  0.0  dusky_titi  31920 32214  (8511) + AluSp    SINE/Alu           10    305    (8)  44  
   32    6.7  0.0  0.0  dusky_titi  33105 33164  (7561) + GC_rich  Low_complexity      1     60    (0)  45  
  237   19.7  0.0  7.3  dusky_titi  33403 33484  (7241) + (CCCCG)n Simple_repeat       1     76    (0)  46  
  413   18.9  3.3  0.0  dusky_titi  35311 35400  (5325) + HY3      scRNA               1     93    (8)  47  
 1824   16.5  0.7  0.0  dusky_titi  35428 35724  (5001) + AluSx1   SINE/Alu            1    299   (13)  48  
  515   29.8 10.7  0.0  dusky_titi  35728 35932  (4793) + L1MB7    LINE/L1          5876   6102   (82)  49  
  188   26.9 23.2  2.1  dusky_titi  36075 36169  (4556) C MIRb     SINE/MIR         (23)    245    131  50  
 1953   10.4  3.2  0.0  dusky_titi  36270 36548  (4177) + AluSx    SINE/Alu            1    288   (24)  51  
  391   21.8  0.0  0.0  dusky_titi  36604 36681  (4044) C AluJr    SINE/Alu        (151)    161     84  52  
   21    0.0  0.0  0.0  dusky_titi  37780 37800  (2925) + GC_rich  Low_complexity      1     21    (0)  53  
 1973   14.4  2.0  0.0  dusky_titi  38522 38827  (1898) + AluSz    SINE/Alu            1    312    (0)  54  
  225   31.8  0.0  0.0  dusky_titi  38833 38920  (1805) + L1M5     LINE/L1          5739   5826  (298)  55  
  333   19.2  0.0  0.0  dusky_titi  39251 39302  (1423) C FLAM_A   SINE/Alu         (10)    132     81  56  
 2042   11.5  1.4  0.3  dusky_titi  39404 39689  (1036) + AluSp    SINE/Alu           20    308    (5)  57  
  839    9.9  0.0  0.0  dusky_titi  39691 39801   (924) C AluSx    SINE/Alu        (201)    111      1  58  
  568   18.9  4.7  0.0  dusky_titi  39833 39938   (787) + L1MB3    LINE/L1          6070   6180    (3)  59  
 1006    7.7  3.1  0.0  dusky_titi  39945 40074   (651) + AluSq10  SINE/Alu            1    134  (178)  60  
   22    0.0  0.0  0.0  dusky_titi  40082 40103   (622) + AT_rich  Low_complexity      1     22    (0)  61  
 2176   10.7  1.4  0.0  dusky_titi  40119 40407   (318) + AluSg4   SINE/Alu            2    294   (18)  62  
