   SW   perc perc perc  query     position in query     matching      repeat           position in repeat
score   div. del. ins.  sequence  begin end    (left)   repeat        class/family   begin  end    (left)  ID

  236   28.1  4.8  2.4  galago      839   922 (46842) + MIR3          SINE/MIR          106    191   (17)   1  
  911   16.4  1.7  1.7  galago     1146  1322 (46442) + AluJo         SINE/Alu          128    304    (8)   2  
  205   37.5  0.0  0.0  galago     1897  1960 (45804) C MIR3          SINE/MIR         (54)    154     91   3  
  222   31.6  1.0  4.0  galago     2020  2118 (45646) + MIRb          SINE/MIR           95    190   (78)   4  
  824   18.4  1.8  1.2  galago     2442  2604 (45160) + AluJo         SINE/Alu          128    291   (21)   5  
  878   15.7  1.7  4.6  galago     2718  2870 (44894) + AluJb         SINE/Alu          128    277   (35)   6  
  317    4.3  0.0  2.1  galago     2871  2918 (44846) + (TAAA)n       Simple_repeat       2     48    (0)   7  
  878   15.7  1.7  4.6  galago     2919  2938 (44826) + AluJb         SINE/Alu          278    296   (16)   6  
  949   17.2  2.8  3.8  galago     2939  3149 (44615) C L1MB5         LINE/L1         (256)   5918   5710   8  
  242   24.1  7.2  0.0  galago     3169  3251 (44513) + L1ME3B        LINE/L1          5119   5207  (939)   9  
  753   26.7  0.6  0.0  galago     3259  3430 (44334) + FAM           SINE/Alu           11    183    (2)  10  
  299   17.1  0.0  1.3  galago     3503  3579 (44185) + (TA)n         Simple_repeat       2     77    (0)  11  
  712   19.1  1.5  0.8  galago     3676  3806 (43958) C AluJb         SINE/Alu        (180)    132      1  12  
  556   25.8  7.6  1.3  galago     3808  4031 (43733) + L1ME3B        LINE/L1          5258   5495  (667)   9  
  499   12.4  3.7  9.3  galago     4033  4139 (43625) + MSTC          LTR/ERVL-MaLR       1    101  (327)  13  
  408   22.2  5.0  0.0  galago     4204  4302 (43462) + MSTC          LTR/ERVL-MaLR     269    372   (56)  13  
  287   20.8  1.4  0.0  galago     4962  5033 (42731) + MSTC          LTR/ERVL-MaLR     356    428    (0)  13  
 1366   26.6  7.4  1.2  galago     5040  5526 (42238) + L1ME3B        LINE/L1          5489   6005  (237)   9  
 1243   18.9  4.6  2.1  galago     5607  5887 (41877) + AluJo         SINE/Alu            1    288   (24)  14  
  963   14.9  1.8  0.6  galago     6001  6168 (41596) + AluSx1        SINE/Alu          128    297   (15)  15  
 1048   23.3  6.6  1.7  galago     6277  6563 (41201) + AluJo         SINE/Alu           12    312    (0)  16  
  733   19.3  4.0  0.0  galago     7535  7707 (40057) + AluJo         SINE/Alu          127    312    (0)  17  
  954   17.1  1.8  0.0  galago     8071  8240 (39524) + AluJo         SINE/Alu          128    300   (12)  18  
 1585   19.3  2.6  0.7  galago     8277  8582 (39182) C AluJo         SINE/Alu          (0)    312      1  19  
 3054   18.6  6.2  0.5  galago     8594  9258 (38506) C L1MB8         LINE/L1           (0)   6178   5476  20  
  276   20.8  6.8  1.4  galago     9331  9403 (38361) C L1MB8         LINE/L1         (674)   5504   5428  20  
  671   19.4  1.9  6.5  galago     9415  9569 (38195) C AluJo         SINE/Alu         (61)    251    104  21  
  402   29.3  4.5  0.0  galago     9607  9739 (38025) C L1MD          LINE/L1         (807)   5339   5201  22  
  909   22.7  8.4  4.9  galago     9747 10032 (37732) C AluJo         SINE/Alu         (11)    301      6  23  
  967   18.0  1.6  1.1  galago    10047 10229 (37535) C AluJo         SINE/Alu          (0)    312    129  24  
  236   21.7  9.2  4.6  galago    10321 10407 (37357) C L1MD          LINE/L1         (948)   5198   5108  22  
  633   22.8  3.5  0.0  galago    10415 10559 (37205) C AluSc8        SINE/Alu         (38)    274    125  25  
  404   22.8  2.3  3.8  galago    10645 10776 (36988) C L1MD          LINE/L1        (1185)   4961   4832  22  
  691   15.7  9.1  0.0  galago    10807 10927 (36837) + AluJo         SINE/Alu            2    133  (179)  26  
  850   25.3  2.9  7.3  galago    10928 11018 (36746) + AluJb         SINE/Alu           47    134  (178)  27  
  183    4.2  0.0  0.0  galago    11019 11042 (36722) + (TAAA)n       Simple_repeat       2     25    (0)  28  
  850   25.3  2.9  7.3  galago    11043 11223 (36541) + AluJb         SINE/Alu          135    307    (5)  27  
  927   20.8 13.4  0.0  galago    11230 11445 (36319) + AluJr4        SINE/Alu            9    253   (59)  29  
   26    0.0  0.0  0.0  galago    11453 11478 (36286) + AT_rich       Low_complexity      1     26    (0)  30  
 1927   22.8  6.1  1.3  galago    11517 11991 (35773) + L1ME1         LINE/L1          5428   5925  (254)  31  
  895   16.6  4.9  0.0  galago    12394 12556 (35208) + AluJr         SINE/Alu          129    299   (13)  32  
  356   33.3  7.7  4.1  galago    12575 12743 (35021) + L1ME1         LINE/L1          5975   6149   (30)  31  
  204   13.8  0.0  6.5  galago    14394 14455 (33309) + (CGGGG)n      Simple_repeat       5     62    (0)  33  
 1235   19.9  6.5  0.0  galago    15103 15363 (32401) + AluJo         SINE/Alu            5    282   (30)  34  
  208   30.2  9.2  2.0  galago    15401 15498 (32266) C L2a           LINE/L2          (42)   3384   3280  35  
  343   16.0  2.5 16.7  galago    15522 15641 (32123) + L1MC4a        LINE/L1          5380   5482 (2400)  36  
 1273   24.7  1.0  0.7  galago    15643 15934 (31830) + AluJo         SINE/Alu            2    294   (18)  37  
  239   26.0  7.4  7.0  galago    16046 16260 (31504) + L1MC4a        LINE/L1          5723   5938 (1944)  36  
 1323   18.7  6.0  0.4  galago    16326 16615 (31149) C AluJo         SINE/Alu          (0)    312      2  38  
  696   21.8  5.4  0.0  galago    16636 16782 (30982) C AluJo         SINE/Alu         (30)    282    128  39  
  471   21.0  0.8  0.0  galago    16969 17087 (30677) C L1MB4         LINE/L1           (0)   6180   6061  40  
  743   24.4  7.4  0.9  galago    17088 17291 (30473) C AluJb         SINE/Alu         (13)    299     82  41  
  397   17.7  0.3  3.5  galago    17295 17408 (30356) C L1MB7         LINE/L1         (105)   6069   5966  42  
 1331   19.7  3.3  3.7  galago    17409 17707 (30057) C AluJo         SINE/Alu         (14)    298      1  43  
  899   21.1  7.3  1.5  galago    17719 17922 (29842) C AluJo         SINE/Alu         (84)    228     13  44  
  407   18.3  0.0  0.0  galago    17936 18017 (29747) C L1MB7         LINE/L1         (203)   5971   5890  42  
  947   16.6  1.8  0.0  galago    18229 18397 (29367) C AluJo         SINE/Alu         (13)    299    128  45  
  237   27.5  0.0  0.0  galago    18424 18492 (29272) C tRNA-Thr-ACG_ tRNA              (4)     73      5  46  
  279   25.2 10.3  5.2  galago    18796 18950 (28814) + L1MA7         LINE/L1          6129   6291    (0)  47  
 2223   19.3  6.5  1.9  galago    19067 19605 (28159) C L1MB7         LINE/L1         (288)   5896   5333  42  
  910   19.3  1.7  0.0  galago    19608 19788 (27976) C AluJo         SINE/Alu          (1)    311    128  48  
  243   26.3  0.0  0.0  galago    19814 19870 (27894) C tRNA-Arg-AGG  tRNA              (6)     70     14  49  
  949   17.1  1.8  0.0  galago    20016 20179 (27585) + AluJo         SINE/Alu          128    294   (18)  50  
  295   15.9  0.0 11.8  galago    20180 20272 (27492) C L1MB7         LINE/L1         (868)   5278   5197  42  
  847   21.8  1.7  0.0  galago    20309 20482 (27282) C AluJo         SINE/Alu          (7)    305    129  51  
  243   27.6  6.8  1.1  galago    20581 20668 (27096) + L1MC4         LINE/L1          7320   7412  (549)  52  
  694   20.9  2.3  3.4  galago    20722 20898 (26866) + AluJo         SINE/Alu          127    301   (11)  53  
  407   26.9 13.4  6.3  galago    20930 21294 (26470) + L1MC4         LINE/L1          7610   8000   (42)  52  
  585   18.8  2.7  0.0  galago    21296 21407 (26357) C AluJo         SINE/Alu         (16)    296    182  54 *
  750   17.3  1.5  0.0  galago    21406 21538 (26226) C AluJo         SINE/Alu        (177)    135      1  51  
  779   21.5  0.6  0.6  galago    21576 21738 (26026) + AluJr4        SINE/Alu          137    299   (13)  55  
 1389   17.9  1.7  4.8  galago    21758 22080 (25684) + AluJo         SINE/Alu            1    312    (0)  56  
  521   27.2 13.0  1.9  galago    22085 22346 (25418) + L2a           LINE/L2          2940   3230  (196)  57  
  917   24.2 11.9  2.2  galago    22350 22800 (24964) C MER90a        LTR/ERV1          (0)    614     79  58  
  421   24.4  2.2  3.7  galago    23571 23706 (24058) C L2a           LINE/L2           (4)   3422   3289  59  
  299   12.1  8.6  0.0  galago    24985 25042 (22722) + L1M5          LINE/L1          5599   5661  (463)  60  
  875   17.3  1.9  0.0  galago    25253 25439 (22325) C AluJo         SINE/Alu          (0)    312    120  61  
  243   22.7  0.0  2.9  galago    25467 25534 (22230) C tRNA-Thr-ACG  tRNA              (3)     72      7  62  
 1217   18.9 12.8  0.0  galago    25818 26082 (21682) C AluJo         SINE/Alu         (12)    300      2  63  
  441   12.7  0.0  0.0  galago    26168 26230 (21534) + AluJo         SINE/Alu           23     85  (227)  64  
   38    2.2  0.0  0.0  galago    26231 26275 (21489) + AT_rich       Low_complexity      1     45    (0)  65  
   23    0.0  0.0  0.0  galago    26353 26375 (21389) + AT_rich       Low_complexity      1     23    (0)  66  
  578   12.6  7.2  0.0  galago    26411 26521 (21243) + HY1           scRNA               1    119    (0)  67  
  872   19.0  1.7  1.1  galago    26635 26808 (20956) + AluJo         SINE/Alu          128    302   (10)  64  
  513   24.1  2.6  0.0  galago    27108 27223 (20541) + AluJo         SINE/Alu          176    294   (18)  68  
  193   15.2  0.0  0.0  galago    27291 27323 (20441) + AluSx3        SINE/Alu           99    131  (181)  69  
  279   17.3  0.0  0.0  galago    27324 27375 (20389) + (CATATA)n     Simple_repeat       3     54    (0)  70  
  643   27.1  0.7  0.7  galago    27378 27532 (20232) + AluSx3        SINE/Alu          136    290   (22)  69  
 1349   20.6  4.8  1.4  galago    27565 27856 (19908) + AluJo         SINE/Alu            2    303    (9)  71  
  610   16.5  0.0  0.0  galago    28074 28164 (19600) C AluJr         SINE/Alu        (188)    124     34  72  
 1371   21.7  4.7  1.3  galago    28202 28500 (19264) + AluJo         SINE/Alu            2    310    (2)  73  
  748   23.1  1.9  0.0  galago    28530 28689 (19075) + AluJo         SINE/Alu          127    289   (23)  74  
   32    2.6  0.0  0.0  galago    28705 28743 (19021) + AT_rich       Low_complexity      1     39    (0)  75  
  396   27.6  3.1  0.0  galago    28747 28844 (18920) C AluJo         SINE/Alu         (22)    290    190  76  
  268   18.7 12.0  1.1  galago    28946 29037 (18727) + L1ME5         LINE/L1          5922   6023  (171)  77  
  215   20.7  6.9  0.0  galago    29335 29392 (18372) + MIR3          SINE/MIR           85    146   (62)  78  
  206   29.2  9.0  0.0  galago    33377 33465 (14299) + MIR3          SINE/MIR           27    123   (85)  79  
  839   19.1  1.7  1.7  galago    35600 35772 (11992) + AluJo         SINE/Alu          127    299   (13)  80  
  958   20.7  2.0  1.0  galago    36018 36215 (11549) C AluJo         SINE/Alu          (9)    303    104  81  
 1521   16.7  3.9  1.4  galago    36642 36923 (10841) C AluJo         SINE/Alu         (13)    299     11  82  
  961   20.4  1.7  0.0  galago    37104 37284 (10480) + AluSx1        SINE/Alu          128    311    (1)  83  
 1575   21.1  1.6  0.0  galago    37576 37879  (9885) + AluJo         SINE/Alu            2    310    (2)  84  
  854   22.0  1.6  0.0  galago    38243 38424  (9340) C AluJo         SINE/Alu         (12)    300    116  85  
  854   21.0  3.8  1.1  galago    39141 39326  (8438) C AluJo         SINE/Alu          (4)    308    118  86  
 1013   15.1  1.6  1.6  galago    39446 39630  (8134) C AluYa8        SINE/Alu          (0)    310    126  87  
  675   24.1  8.7  4.2  galago    41804 41939  (5825) + L1MB4         LINE/L1          5899   6041  (139)  88  
 1267   21.8  6.2  0.0  galago    41940 42214  (5550) + AluJo         SINE/Alu            2    293   (19)  89  
  675   24.1  8.7  4.2  galago    42215 42341  (5423) + L1MB4         LINE/L1          6042   6174    (6)  88  
  316   18.1  7.8  8.7  galago    42476 42590  (5174) C MIRb          SINE/MIR         (62)    206     93  90  
  780   21.2  4.1  0.0  galago    43992 44161  (3603) C AluSx1        SINE/Alu          (8)    304    128  91  
  227   25.4  0.0  1.7  galago    44408 44467  (3297) + tRNA-Thr-ACG  tRNA                8     66    (9)  92  
  830   18.9  1.8  0.6  galago    44496 44664  (3100) + AluJo         SINE/Alu          128    298   (14)  93  
  912   16.9  1.8  0.0  galago    44784 44949  (2815) + AluJr         SINE/Alu          129    297   (15)  94  
  207    0.0  0.0  0.0  galago    45045 45067  (2697) + (TAAA)n       Simple_repeat       2     24    (0)  95  
  974   15.6  1.7  0.0  galago    46044 46216  (1548) + AluJo         SINE/Alu          137    312    (0)  96  
 1068   14.9  1.7  0.0  galago    46358 46538  (1226) + AluJo         SINE/Alu          128    311    (1)  97  
 1996   18.1  0.0  0.3  galago    46584 46915   (849) + MLT2B1        LTR/ERVL            1    331  (189)  98  
 1020   14.5  1.7  0.0  galago    46916 47087   (677) C AluJo         SINE/Alu         (10)    302    128  99  
  423   16.5 11.3  2.8  galago    47259 47364   (400) + MLT2B1        LTR/ERVL          453    567    (0)  98  
  998   15.6  1.7  0.0  galago    47541 47713    (51) + AluJo         SINE/Alu          137    312    (0) 100  
