   SW   perc perc perc  query     position in query     matching repeat              position in repeat
score   div. del. ins.  sequence  begin end    (left)   repeat   class/family      begin  end    (left)  ID

  299   26.0 12.0  1.6  gibbon     1535  1659 (32986) C L2a      LINE/L2              (1)   3425   3288   1  
  324   16.8 14.6 13.2  gibbon     1662  1812 (32833) + L1MC4a   LINE/L1             5331   5483 (2399)   2  
  353   30.7 13.2 10.1  gibbon     1886  2005 (32640) + L1MC4a   LINE/L1             5696   5819 (2063)   2  
 2495    6.3  0.7  0.0  gibbon     2006  2307 (32338) C AluY     SINE/Alu             (7)    304      1   3  
  353   30.7 13.2 10.1  gibbon     2308  2650 (31995) + L1MC4a   LINE/L1             5820   6173 (1709)   2  
  997   22.2 10.6  9.2  gibbon     2654  2790 (31855) + AluJb    SINE/Alu               1    140  (162)   4  
 2369    8.5  0.0  1.0  gibbon     2791  3097 (31548) + AluY     SINE/Alu               1    304    (7)   5  
  997   22.2 10.6  9.2  gibbon     3098  3252 (31393) + AluJb    SINE/Alu             141    297    (5)   4  
 2872   17.0  0.6  2.6  gibbon     3277  3772 (30873) C MER66B   LTR/ERV1             (0)    486      1   6  
  938   19.1  0.0  0.0  gibbon     3773  3929 (30716) + AluJr4   SINE/Alu             155    311    (1)   7  
 1629   19.8  0.6  5.8  gibbon     3932  4260 (30385) + AluJo    SINE/Alu               1    312    (0)   8  
   23    0.0  0.0  0.0  gibbon     4448  4470 (30175) + AT_rich  Low_complexity         1     23    (0)   9  
  504   23.1  5.1  1.7  gibbon     4543  4660 (29985) + L1MB8    LINE/L1             5997   6119   (59)  10  
 2245   10.9  0.0  0.3  gibbon     4661  4954 (29691) + AluSx    SINE/Alu               1    293   (19)  11  
  504   23.1  5.1  1.7  gibbon     4955  5011 (29634) + L1MB8    LINE/L1             6120   6178    (0)  10 *
  524   28.7  5.2  3.5  gibbon     5010  5240 (29405) C L1MC4    LINE/L1             (32)   8010   7776  12  
 1498    5.2  0.0  0.0  gibbon     5241  5413 (29232) + AluY     SINE/Alu             130    302    (9)  13  
  742   16.6  3.2  0.0  gibbon     5432  5588 (29057) C HSMAR2   DNA/TcMar-Mariner   (60)   1242   1081  14  
 1792    9.0  0.0  0.0  gibbon     5592  5834 (28811) C AluSx    SINE/Alu             (0)    312     70  15  
 1117    7.8  1.4  0.0  gibbon     5841  5982 (28663) + AluSx    SINE/Alu             156    299   (13)  16  
  268   24.8  5.6  2.8  gibbon     6043  6150 (28495) C L2a      LINE/L2            (190)   3236   3126   1  
  263   32.8  7.1  5.1  gibbon     6327  6522 (28123) C L2a      LINE/L2            (928)   2491   2292   1  
  500   21.4  5.1  2.0  gibbon     8010  8107 (26538) C AluJo    SINE/Alu             (0)    312    212  17  
 2159   14.1  0.0  0.7  gibbon     8197  8502 (26143) + AluSx    SINE/Alu               1    304    (8)  18  
  235   28.0  9.2  2.0  gibbon     8521  8673 (25972) + L1ME5    LINE/L1             5919   6082  (112)  19  
  208   26.8  5.9  3.5  gibbon     8881  8965 (25680) + MIRc     SINE/MIR              70    156  (112)  20  
  391   16.6  1.2 14.7  gibbon     9577  9956 (24689) + G-rich   Low_complexity         1    328    (0)  21  
  187    9.3  0.0  4.4  gibbon    10840 10884 (23761) + (CGGGG)n Simple_repeat          4     46    (0)  22  
  229   33.1 10.4  1.5  gibbon    13283 13417 (21228) + MIRb     SINE/MIR              43    189   (79)  23  
 2105   16.1  0.0  0.0  gibbon    13926 14235 (20410) C AluSz    SINE/Alu             (2)    310      1  24  
  183    4.2  0.0  0.0  gibbon    15709 15732 (18913) + (CAAAA)n Simple_repeat          1     24    (0)  25  
 2333    6.4  0.3  0.3  gibbon    16447 16768 (17877) + AluSp    SINE/Alu               4    313    (0)  26  
  243    6.1  0.0  0.0  gibbon    16789 16821 (17824) + (CA)n    Simple_repeat          1     33    (0)  27  
 2210   12.1  0.0  0.0  gibbon    17150 17455 (17190) C AluSc5   SINE/Alu             (6)    306      1  28  
 2118   11.7  1.6  0.0  gibbon    17481 17788 (16857) C AluSp    SINE/Alu             (0)    313      1  29  
  220   21.7  1.6  1.6  gibbon    17840 17900 (16745) + (CACCC)n Simple_repeat          4     64    (0)  30  
   29    8.4  0.0  0.0  gibbon    18662 18732 (15913) + GC_rich  Low_complexity         1     71    (0)  31  
   25    3.1  0.0  0.0  gibbon    18781 18812 (15833) + GC_rich  Low_complexity         1     32    (0)  32  
  183    4.2  0.0  0.0  gibbon    20005 20028 (14617) + (CAAAA)n Simple_repeat          1     24    (0)  33  
 2192    8.3  0.7  0.0  gibbon    20742 21049 (13596) + AluSp    SINE/Alu               4    313    (0)  34  
  312    2.7  0.0  0.0  gibbon    21070 21106 (13539) + (CA)n    Simple_repeat          1     37    (0)  35  
 2197   12.4  0.0  0.0  gibbon    21435 21740 (12905) C AluSc5   SINE/Alu             (6)    306      1  36  
   23    0.0  0.0  0.0  gibbon    21744 21766 (12879) + AT_rich  Low_complexity         1     23    (0)  37  
 2069   11.9  1.6  0.7  gibbon    21771 22080 (12565) C AluSp    SINE/Alu             (0)    313      1  38  
  220   21.7  1.6  1.6  gibbon    22132 22192 (12453) + (CACCC)n Simple_repeat          4     64    (0)  39  
   29    8.4  0.0  0.0  gibbon    22954 23024 (11621) + GC_rich  Low_complexity         1     71    (0)  40  
   25    3.1  0.0  0.0  gibbon    23073 23104 (11541) + GC_rich  Low_complexity         1     32    (0)  41  
  499   17.2  0.0  1.0  gibbon    25033 25132  (9513) + HY3      scRNA                  1     99    (2)  42  
 1668   13.3 12.2  0.0  gibbon    25153 25415  (9230) + AluSq2   SINE/Alu               1    295   (17)  43  
  243    0.0  0.0  0.0  gibbon    25416 25442  (9203) + (TTTAA)n Simple_repeat          1     27    (0)  44  
 2624    3.2  0.0  1.3  gibbon    25450 25757  (8888) + AluYf5   SINE/Alu               1    304    (8)  45  
 2256   12.2  0.0  0.3  gibbon    25768 26070  (8575) + AluSx3   SINE/Alu               1    302   (10)  46  
 1429   21.6  7.8  1.8  gibbon    26073 26472  (8173) + L1MB5    LINE/L1             5750   6173    (1)  47  
  229   28.1  9.9  5.0  gibbon    26587 26687  (7958) C MIRb     SINE/MIR            (49)    219    114  48  
 1671   10.3  7.7  0.0  gibbon    26770 27002  (7643) + AluSx    SINE/Alu               1    251   (61)  49  
   22    5.6  0.0  0.0  gibbon    27685 27720  (6925) + GC_rich  Low_complexity         1     36    (0)  50  
  243    0.0  0.0  0.0  gibbon    28770 28796  (5849) + (CA)n    Simple_repeat          1     27    (0)  51  
 2257   10.0  0.0  0.0  gibbon    28925 29215  (5430) + AluY     SINE/Alu               1    291   (20)  52  
 2376    8.8  0.0  0.0  gibbon    29303 29599  (5046) + AluSx1   SINE/Alu               1    297   (15)  53  
 1927   15.6  1.4  0.0  gibbon    29751 30039  (4606) + AluJr    SINE/Alu               8    300   (12)  54  
 2213   12.8  0.3  0.0  gibbon    30040 30345  (4300) + AluSc5   SINE/Alu               2    308    (4)  55  
 2484    5.3  3.0  0.0  gibbon    30668 30969  (3676) C AluY     SINE/Alu             (0)    311      1  56  
  225   28.1  7.6  2.3  gibbon    31027 31157  (3488) C L1M5     LINE/L1            (415)   5709   5572  57  
 1704   14.6  5.8  0.0  gibbon    31264 31523  (3122) + AluSx1   SINE/Alu               1    275   (37)  58  
 2328    8.8  0.7  0.0  gibbon    31524 31818  (2827) C AluSp    SINE/Alu            (16)    297      1  59  
 1951   13.8  0.0  1.1  gibbon    32022 32303  (2342) C AluSx    SINE/Alu            (10)    302     24  60  
   21    3.6  0.0  0.0  gibbon    32585 32612  (2033) + AT_rich  Low_complexity         1     28    (0)  61  
 2385    6.2  1.0  0.0  gibbon    32614 32901  (1744) + AluY     SINE/Alu               1    291   (20)  62  
 2176    9.3  2.1  0.0  gibbon    32902 33190  (1455) + AluSc5   SINE/Alu               3    297   (15)  63  
 2267    9.9  1.0  0.3  gibbon    33646 33939   (706) C AluSc    SINE/Alu            (13)    296      1  64  
  429   25.4  4.5  0.0  gibbon    33972 34081   (564) + L1MB3    LINE/L1             6067   6181    (2)  65  
 2322    7.3  2.4  0.0  gibbon    34093 34381   (264) + AluY     SINE/Alu               1    296   (15)  66  
