   SW   perc perc perc  query     position in query     matching repeat              position in repeat
score   div. del. ins.  sequence  begin end    (left)   repeat   class/family      begin  end    (left)  ID

  661   15.2 12.2  0.0  human         2   165 (44836) + L1MB8    LINE/L1             5216   5399  (747)   1  
 2476   17.6 11.9  6.1  human       246   899 (44102) + L1MB8    LINE/L1             5387   6079   (99)   1  
 2419    7.1  0.3  0.0  human       900  1194 (43807) + AluY     SINE/Alu               2    297   (14)   2  
 2476   17.6 11.9  6.1  human      1195  1288 (43713) + L1MB8    LINE/L1             6080   6178    (0)   1  
 1296   10.3  0.0  0.0  human      1580  1744 (43257) C AluY     SINE/Alu            (14)    297    133   3  
 2542    5.0  0.0  0.3  human      1745  2042 (42959) C AluY     SINE/Alu            (14)    297      1   4  
  252   27.6  9.0  2.0  human      2843  2942 (42059) + MIR3     SINE/MIR              87    193   (15)   5  
  257   28.3  6.1  6.1  human      3368  3465 (41536) C MIR      SINE/MIR            (80)    182     85   6  
  307   30.0  2.1 14.4  human      3761  3827 (41174) + MIRb     SINE/MIR              96    155  (113)   7  
 1686   16.5  0.3  1.4  human      3828  4141 (40860) + AluJb    SINE/Alu               7    312    (0)   8  
  307   30.0  2.1 14.4  human      4142  4260 (40741) + MIRb     SINE/MIR             156    259    (9)   7  
 2312    8.7  0.3  2.6  human      4359  4667 (40334) + AluSx3   SINE/Alu               1    302   (10)   9  
 1139   13.8  0.0  1.2  human      4669  4835 (40166) + AluSx    SINE/Alu             134    298   (14)  10  
 1830   22.5  2.4  3.9  human      4861  5323 (39678) C L1MB5    LINE/L1              (9)   6165   5710  11  
 1551   22.5  9.6  7.4  human      5411  5667 (39334) + L1ME3B   LINE/L1             5204   5464  (778)  12  
 2319    8.8  0.3  0.3  human      5668  5962 (39039) C AluSg    SINE/Alu            (15)    295      1  13  
 1551   22.1  8.2  9.2  human      5963  6000 (39001) + L1ME3B   LINE/L1             5465   5502  (740)  12  
 1749   14.0 18.9  5.0  human      6001  6181 (38820) + MSTC     LTR/ERVL-MaLR          1    207  (221)  14  
 2401    7.2  0.0  1.9  human      6182  6488 (38513) + AluY     SINE/Alu               1    301   (10)  15  
 1749   14.0 18.9  5.0  human      6489  6682 (38319) + MSTC     LTR/ERVL-MaLR        208    428    (0)  14  
 1551   22.1  8.2  9.2  human      6683  7068 (37933) + L1ME3B   LINE/L1             5503   5885  (357)  12  
 2084   13.0  0.0  0.3  human      7116  7426 (37575) + AluSx    SINE/Alu               1    312    (0)  16  
 2436    6.8  0.0  0.3  human      7433  7727 (37274) + AluY     SINE/Alu               1    294   (17)  17  
  194    0.0  0.0  3.7  human      7732  7758 (37243) + (TAAA)n  Simple_repeat          2     27    (0)  18  
 2136   12.1  0.0  0.7  human      7772  8061 (36940) + AluJb    SINE/Alu              12    299   (13)  19  
  355   26.9  2.4  3.6  human      8069  8188 (36813) + L1ME3B   LINE/L1             5888   6007  (235)  12  
 2221    7.6  2.2  0.0  human      8189  8464 (36537) + AluY     SINE/Alu              13    294   (17)  20  
  355   26.9  2.4  3.6  human      8465  8509 (36492) + L1ME3B   LINE/L1             6008   6051  (191)  12  
  337   14.9  0.0  0.0  human      9519  9565 (35436) + AluYc    SINE/Alu             232    278   (21)  21  
  479   17.5  3.2  4.0  human      9648  9772 (35229) + L1MD     LINE/L1             4597   4720 (1426)  22  
  489    8.8  0.0  0.0  human      9783  9850 (35151) C L1MB8    LINE/L1              (1)   6177   6110  23  
 2012    7.9  0.8  0.0  human      9851 10103 (34898) + AluSp    SINE/Alu               1    255   (58)  24  
  425   16.7  2.1  6.4  human     10106 10158 (34843) C L1MB5    LINE/L1            (821)   5325   5274  11  
 1871   15.4  0.0  5.6  human     10159 10305 (34696) + AluSx    SINE/Alu               1    140  (172)  25  
 2279   10.5  0.3  0.0  human     10306 10600 (34401) + AluSp    SINE/Alu               1    296   (17)  26  
 1871   15.4  0.0  5.6  human     10601 10776 (34225) + AluSx    SINE/Alu             141    306    (6)  25  
  425   16.7  2.1  6.4  human     10777 10863 (34138) C L1MB5    LINE/L1            (873)   5273   5191  11 *
 1809   24.6  4.0  3.7  human     10854 11457 (33544) + L1MD     LINE/L1             4725   5331  (815)  27  
 2459    7.4  0.0  0.0  human     11458 11753 (33248) + AluY     SINE/Alu               1    296   (15)  28  
 1809   24.6  4.0  3.7  human     11754 11769 (33232) + L1MD     LINE/L1             5332   5347  (799)  27  
 1043    6.2  1.6  0.0  human     11770 11898 (33103) + AluSg7   SINE/Alu               1    131  (181)  29  
 2225   11.2  0.7  0.3  human     11916 12220 (32781) + AluSc5   SINE/Alu               1    306    (6)  30  
  243   23.1  2.5  9.5  human     13069 13226 (31775) + G-rich   Low_complexity         1    147    (0)  31  
  548    7.5  0.0  5.4  human     14101 14212 (30789) + (CGGGG)n Simple_repeat          1    106    (0)  32  
  365   27.8  7.6  0.9  human     14884 15036 (29965) C L2a      LINE/L2              (1)   3425   3214  33  
  349   15.3  3.5 14.8  human     15055 15169 (29832) + L1MC4a   LINE/L1             5382   5483 (2399)  34  
  347   26.5 15.0  3.0  human     15262 15372 (29629) + L1MC4a   LINE/L1             5720   5845 (2037)  34  
 2628    4.6  0.0  0.0  human     15373 15678 (29323) C AluY     SINE/Alu             (5)    306      1  35  
  347   26.5 15.0  3.0  human     15679 15733 (29268) + L1MC4a   LINE/L1             5846   5906 (1976)  34  
  316   31.8  6.2  0.0  human     15897 16025 (28976) + L1MC4a   LINE/L1             6037   6173 (1709)  34  
  986   22.3 11.0  9.2  human     16029 16165 (28836) + AluSx    SINE/Alu               1    140  (162)  36  
 2412    8.2  0.0  0.3  human     16166 16471 (28530) + AluY     SINE/Alu               1    305    (6)  37  
  986   22.3 11.0  9.2  human     16472 16625 (28376) + AluSx    SINE/Alu             141    297    (5)  36  
 1983   16.2  9.3  3.2  human     16641 17079 (27922) C MER66B   LTR/ERV1            (16)    470      5  38  
  925   20.8  0.0  0.0  human     17082 17240 (27761) + AluJo    SINE/Alu             153    311    (1)  39  
 1834   15.4  0.6  7.2  human     17243 17574 (27427) + AluJo    SINE/Alu               1    310    (2)  40  
  584   20.8  5.1  2.3  human     17852 17970 (27031) + L1MB8    LINE/L1             5997   6120   (58)  41  
 2244   10.4  0.0  0.3  human     17971 18267 (26734) + AluSx    SINE/Alu               1    296   (16)  42  
  584   20.8  5.1  2.3  human     18268 18324 (26677) + L1MB8    LINE/L1             6121   6178    (0)  41  
  536   27.4  7.4  3.7  human     18323 18565 (26436) C L1MC4    LINE/L1             (32)   8010   7759  43 *
  883   15.3  0.6  0.0  human     18568 18730 (26271) C HSMAR2   DNA/TcMar-Mariner   (60)   1242   1079  44  
 1818    9.9  0.0  0.0  human     18738 18970 (26031) C AluSx    SINE/Alu            (10)    302     70  45  
 1192    4.9  2.1  0.0  human     18977 19120 (25881) + AluSx    SINE/Alu             156    302   (10)  46  
  247   25.7  5.6  2.8  human     19182 19289 (25712) C L2a      LINE/L2            (190)   3236   3126  33  
  333   31.5  9.4  5.6  human     19399 19684 (25317) C L2a      LINE/L2            (831)   2588   2292  33  
  531   16.5  2.4  0.0  human     21719 21803 (23198) C AluYh9   SINE/Alu             (1)    310    224  47  
 2142   14.4  0.0  0.3  human     21903 22207 (22794) + AluSx    SINE/Alu               1    304    (8)  48  
  277   24.8  9.6  2.5  human     22222 22378 (22623) + L1ME5    LINE/L1             5915   6082  (112)  49  
  225   25.6  5.9  3.5  human     22590 22674 (22327) + MIRc     SINE/MIR              70    156  (112)  50  
  338   14.1  0.4 20.1  human     23422 23816 (21185) + G-rich   Low_complexity         1    317    (0)  51  
  950    5.8  2.4  6.5  human     24691 24983 (20018) + (CGGGG)n Simple_repeat          1    280    (0)  52  
  180   25.0  1.5 18.2  human     26996 27127 (17874) C MIR      SINE/MIR            (42)    220    111  53  
  249   33.1 10.7  0.7  human     27305 27453 (17548) + MIRb     SINE/MIR              38    201   (67)  54  
 2178   14.7  0.0  0.0  human     27948 28259 (16742) C AluSz    SINE/Alu             (0)    312      1  55  
  195    4.2  0.0  0.0  human     29773 29796 (15205) + (CAAAA)n Simple_repeat          1     24    (0)  56  
 2238    8.9  0.3  0.0  human     30503 30811 (14190) + AluSp    SINE/Alu               4    313    (0)  57  
  279    0.0  0.0  0.0  human     30832 30862 (14139) + (CA)n    Simple_repeat          1     31    (0)  58  
 2343    8.5  0.3  2.5  human     31206 31523 (13478) C AluY     SINE/Alu             (0)    311      1  59  
 2215    9.6  0.3  0.0  human     31531 31822 (13179) C AluSx    SINE/Alu            (19)    293      1  60  
   29    8.4  0.0  0.0  human     32693 32763 (12238) + GC_rich  Low_complexity         1     71    (0)  61  
   25    3.1  0.0  0.0  human     32812 32843 (12158) + GC_rich  Low_complexity         1     32    (0)  62  
  195    4.2  0.0  0.0  human     34030 34053 (10948) + (CAAAA)n Simple_repeat          1     24    (0)  63  
 2140   11.3  0.3  0.0  human     34758 35048  (9953) + AluSp    SINE/Alu               4    295   (18)  64  
   29    8.4  0.0  0.0  human     36497 36567  (8434) + GC_rich  Low_complexity         1     71    (0)  65  
   25    3.1  0.0  0.0  human     36616 36647  (8354) + GC_rich  Low_complexity         1     32    (0)  66  
  567   16.2  0.0  1.0  human     38554 38653  (6348) + HY3      scRNA                  1     99    (2)  67  
 1626   13.6 12.4  0.0  human     38674 38931  (6070) + AluSq2   SINE/Alu               1    290   (22)  68  
  222    3.7  0.0  0.0  human     38932 38958  (6043) + (TTTAA)n Simple_repeat          1     27    (0)  69  
 2289   11.0  0.0  0.3  human     38972 39270  (5731) + AluSx3   SINE/Alu               1    298   (14)  70  
 1359   23.4  7.7  1.5  human     39272 39675  (5326) + L1MB5    LINE/L1             5746   6174    (0)  71  
  232   30.2  9.9  5.0  human     39794 39894  (5107) C MIRb     SINE/MIR            (49)    219    114  72  
 1845    8.3  4.2  0.0  human     39977 40217  (4784) + AluSx    SINE/Alu               1    251   (61)  73  
  309    8.1  0.0  0.0  human     40218 40254  (4747) C AluSg4   SINE/Alu           (166)    146    110  74  
   21    3.6  0.0  0.0  human     41379 41406  (3595) + GC_rich  Low_complexity         1     28    (0)  75  
  207    0.0  0.0  0.0  human     41983 42005  (2996) + (CA)n    Simple_repeat          1     23    (0)  76  
 2545    5.9  0.0  0.0  human     42134 42440  (2561) + AluY     SINE/Alu               1    307    (4)  77  
 1282    7.4  1.9  0.0  human     42441 42602  (2399) + AluSx1   SINE/Alu             134    298   (14)  78  
 2273   10.8  1.6  0.0  human     42687 42993  (2008) + AluSx    SINE/Alu               1    312    (0)  79  
 2305   10.4  1.0  0.3  human     43449 43747  (1254) C AluSc    SINE/Alu             (8)    301      1  80  
  467   22.7  4.5  0.0  human     43780 43889  (1112) + L1MB3    LINE/L1             6067   6181    (2)  81  
 2393    7.2  0.0  2.0  human     43901 44205   (796) + AluY     SINE/Alu               1    299   (12)  82  
 1671   18.6  2.4  1.0  human     44533 44828   (173) + AluJo    SINE/Alu               2    301   (11)  83  
 1333    8.9  0.0  0.0  human     44833 45001     (0) + AluSg7   SINE/Alu               1    169  (143)  84  
