   SW   perc perc perc  query     position in query     matching repeat           position in repeat
score   div. del. ins.  sequence  begin end    (left)   repeat   class/family   begin  end    (left)  ID

  973   12.8  0.0  0.0  marmoset    861   993 (28214) + AluSx    SINE/Alu            1    133  (179)   1  
  181   29.8  7.0  0.0  marmoset   1242  1298 (27909) + MIR3     SINE/MIR          107    167   (41)   2  
  200   31.9  6.0  6.0  marmoset   1747  1846 (27361) C MIR      SINE/MIR         (78)    184     85   3  
  864   16.2  1.1  8.5  marmoset   2207  2344 (26863) + AluJb    SINE/Alu            1    130  (182)   4  
 2029   13.2  0.0  0.0  marmoset   2345  2647 (26560) + AluSg    SINE/Alu            1    310    (0)   5  
  864   16.2  1.1  8.5  marmoset   2648  2696 (26511) + AluJb    SINE/Alu          131    175  (137)   4  
 2343    9.8  0.0  0.0  marmoset   2921  3217 (25990) + AluSp    SINE/Alu            1    297   (16)   6  
 1845   17.4  1.4  0.0  marmoset   3240  3526 (25681) C AluSg4   SINE/Alu         (17)    295      5   7  
  764   24.3  5.8  0.0  marmoset   3544  3765 (25442) C L1MB5    LINE/L1         (249)   5913   5678   8  
  335   25.8 20.3  4.7  marmoset   3776  3867 (25340) + L1ME3B   LINE/L1          5138   5244  (902)   9  
 1954    9.0  7.6  0.0  marmoset   3868  4144 (25063) C AluSc    SINE/Alu         (11)    298      1  10  
  405   25.7 20.4  0.4  marmoset   4145  4330 (24877) + L1ME3B   LINE/L1          5245   5463  (779)   9  
  530   16.2 23.0  2.2  marmoset   4538  4676 (24531) + MSTC     LTR/ERVL-MaLR      37    204  (224)  11  
 2369    8.1  0.0  2.3  marmoset   4683  4992 (24215) + AluSc    SINE/Alu            1    303    (6)  12  
 1016   14.3  0.7  0.0  marmoset   4993  5139 (24068) + AluSq    SINE/Alu          134    281   (32)  13  
  445   16.0  2.0  1.0  marmoset   5169  5269 (23938) + GA-rich  Low_complexity      3    104    (0)  14  
 2178   13.4  0.0  0.0  marmoset   5282  5573 (23634) + AluSg    SINE/Alu            2    293   (17)  15  
  391   28.0  9.2  7.5  marmoset   5574  5878 (23329) + L1ME3B   LINE/L1          5605   5895  (347)   9  
 1893   13.1  0.3  5.1  marmoset   5879  6024 (23183) + AluSx    SINE/Alu            3    142  (170)  16  
 1897   12.4  0.8  0.0  marmoset   6025  6283 (22924) + AluSx1   SINE/Alu           42    302   (10)  17  
 1893   13.1  0.3  5.1  marmoset   6284  6450 (22757) + AluSx    SINE/Alu          143    301   (11)  16  
  259   31.0  6.1 11.2  marmoset   6451  6462 (22745) + L1ME3B   LINE/L1          5896   5907  (335)   9  
 2067   15.0  0.0  0.0  marmoset   6463  6756 (22451) + AluJb    SINE/Alu           10    303    (9)  18  
  397   24.4 12.7  1.2  marmoset   6757  6909 (22298) + L1ME3B   LINE/L1          5888   6052  (190)   9  
 1837   14.4  3.5  0.0  marmoset   6947  7230 (21977) + AluSc    SINE/Alu            1    294   (15)  19  
  222   28.0  1.1  2.2  marmoset   8180  8257 (20950) + MIRb     SINE/MIR          187    262    (0)  20  
 1995   15.0  1.6  2.2  marmoset   8320  8633 (20574) + AluSz    SINE/Alu            1    312    (0)  21  
 2291   11.0  0.0  0.3  marmoset   8788  9096 (20111) + AluSc    SINE/Alu            1    308    (1)  22  
  574   23.7  2.2  2.8  marmoset   9097  9273 (19934) + L1MD     LINE/L1          4735   4915 (1231)  23  
  721   22.9  5.5  5.1  marmoset   9473  9725 (19482) + L1MD     LINE/L1          4917   5170  (976)  23  
 2082   12.9  0.3  0.0  marmoset   9726 10011 (19196) + AluSg4   SINE/Alu            1    287   (25)  24  
  210    9.1  0.0  0.0  marmoset  13943 13975 (15232) + (TTCA)n  Simple_repeat       2     34    (0)  25  
  237   30.5 12.3  1.5  marmoset  14256 14385 (14822) + MIRb     SINE/MIR           38    181   (87)  26  
 1409   11.8  0.0  0.0  marmoset  15377 15562 (13645) + AluSp    SINE/Alu          123    308    (5)  27  
  282   11.6  0.0  0.0  marmoset  15583 15625 (13582) + (CA)n    Simple_repeat       1     43    (0)  28  
  315    8.5  0.0  0.0  marmoset  15669 15715 (13492) + (CA)n    Simple_repeat       1     47    (0)  28  
  258    8.1  0.0  0.0  marmoset  15759 15795 (13412) + (CA)n    Simple_repeat       1     37    (0)  28  
  420    7.7  0.0  0.0  marmoset  15907 15971 (13236) + (CA)n    Simple_repeat       1     65    (0)  29  
  297    9.8  0.0  0.0  marmoset  17608 17648 (11559) + AluYc    SINE/Alu            1     41  (258)  30  
  297    0.0  0.0  0.0  marmoset  19023 19055 (10152) + (CA)n    Simple_repeat       1     33    (0)  31  
 1925   13.6  0.6  6.2  marmoset  19324 19646  (9561) C AluSg    SINE/Alu          (5)    305      1  32  
  901   16.2  0.0  0.0  marmoset  19648 19783  (9424) C AluSx    SINE/Alu        (176)    136      1  33  
  216    0.0  0.0  0.0  marmoset  20047 20070  (9137) + (CAAA)n  Simple_repeat       1     24    (0)  34  
 2064   13.1  0.7  0.7  marmoset  20074 20378  (8829) + AluSp    SINE/Alu            2    306    (7)  35  
   25    8.3  0.0  0.0  marmoset  21854 21913  (7294) + GC_rich  Low_complexity      1     60    (0)  36  
  533   15.3  1.0  1.0  marmoset  23867 23965  (5242) + HY3      scRNA               1     99    (2)  37  
 2088   12.5  0.7  0.0  marmoset  23986 24282  (4925) + AluSx1   SINE/Alu            1    299   (13)  38  
  321   31.1 13.9  0.0  marmoset  24297 24476  (4731) + L1MB7    LINE/L1          5894   6098   (86)  39  
 1943   13.0  1.0  0.3  marmoset  24812 25103  (4104) + AluSx    SINE/Alu            1    294   (18)  40  
  375   21.0  1.2  3.7  marmoset  25151 25231  (3976) C AluJb    SINE/Alu        (150)    162     84  41  
   28    2.9  0.0  0.0  marmoset  25542 25576  (3631) + GC_rich  Low_complexity      1     35    (0)  42  
   21    5.7  0.0  0.0  marmoset  25858 25892  (3315) + GC_rich  Low_complexity      1     35    (0)  43  
  928   17.9  5.4  0.0  marmoset  26920 27087  (2120) + AluSc8   SINE/Alu           84    260   (52)  44  
  505   15.4  6.6  2.2  marmoset  27255 27345  (1862) C AluSp    SINE/Alu          (9)    304    210  45  
 1337   13.5  0.5  0.0  marmoset  27651 27842  (1365) C AluSp    SINE/Alu        (120)    193      1  45  
 1928   14.8  0.0  3.6  marmoset  27855 28049  (1158) C AluSx    SINE/Alu         (15)    297    109  46  
 2228   11.1  0.3  0.3  marmoset  28050 28347   (860) + AluSp    SINE/Alu            2    299   (14)  47  
 1928   14.8  0.0  3.6  marmoset  28348 28459   (748) C AluSx    SINE/Alu        (204)    108      1  46  
  411   16.8  9.9  0.0  marmoset  28491 28591   (616) + L1MB3    LINE/L1          6070   6180    (3)  48  
 2236    9.7  1.0  0.0  marmoset  28599 28886   (321) + AluSg7   SINE/Alu            1    291   (21)  49  
