   SW   perc perc perc  query        position in query     matching repeat              position in repeat
score   div. del. ins.  sequence     begin end    (left)   repeat   class/family      begin  end    (left)  ID

   29    0.0  0.0  0.0  mouse_lemur    393   421 (34122) + AT_rich  Low_complexity         1     29    (0)   1  
  224   24.4  5.9  8.2  mouse_lemur   1168  1252 (33291) + MIR3     SINE/MIR             109    191   (17)   2  
  281   26.5  0.0  0.0  mouse_lemur   1914  1981 (32562) C MIR3     SINE/MIR            (50)    158     91   3  
  285   31.5  9.6  0.0  mouse_lemur   2041  2186 (32357) + MIR      SINE/MIR              88    247   (15)   4  
 1904   18.8  7.9  1.9  mouse_lemur   2331  2785 (31758) C L1MB5    LINE/L1              (0)   6174   5691   5  
  241   25.3  6.7  0.0  mouse_lemur   2787  2861 (31682) + L1ME3B   LINE/L1             5121   5200  (946)   6  
 1014   17.6  0.0  1.2  mouse_lemur   2875  3039 (31504) + FAM      SINE/Alu              13    175   (10)   7  
  658   14.7  4.6  0.9  mouse_lemur   3051  3159 (31384) + AluJo    SINE/Alu             118    230   (82)   8  
 1504   13.6  0.9  1.8  mouse_lemur   3263  3490 (31053) C AluJo    SINE/Alu            (82)    230      5   9  
  733   20.9 15.3  3.3  mouse_lemur   3537  3778 (30765) + MSTC     LTR/ERVL-MaLR        153    423    (5)  10  
 1614   26.5  7.7  0.9  mouse_lemur   3787  4316 (30227) + L1ME3B   LINE/L1             5486   6051  (191)   6  
  205   28.5  6.1  9.6  mouse_lemur   5236  5350 (29193) + MIR      SINE/MIR             154    260    (2)  11  
 1735   18.9  1.1  0.0  mouse_lemur   5481  5765 (28778) C AluJo    SINE/Alu            (19)    293      6  12  
  706   16.4  0.0  0.9  mouse_lemur   5773  5888 (28655) C AluJo    SINE/Alu            (18)    294    180  13  
  588   18.9  3.3  3.6  mouse_lemur   5954  6106 (28437) C L1MB5    LINE/L1            (737)   5441   5288   5  
  888   22.0  0.0  0.0  mouse_lemur   6107  6274 (28269) C AluJr4   SINE/Alu             (8)    304    137  14  
  588   18.5  3.6  3.6  mouse_lemur   6275  6356 (28187) C L1MB5    LINE/L1            (859)   5287   5206   5  
 2377   18.2  3.8  2.1  mouse_lemur   6361  6933 (27610) + L1MD     LINE/L1             4724   5306  (840)  15  
 1490   13.0  1.2 12.7  mouse_lemur   6934  7257 (27286) + AluJo    SINE/Alu              26    312    (0)  16  
 2188   25.9  7.2  4.8  mouse_lemur   7258  7834 (26709) + L1ME1    LINE/L1             5315   5907  (272)  17  
 1786   13.7  0.9 10.1  mouse_lemur   7835  8170 (26373) C AluJr4   SINE/Alu             (6)    306      2  18  
 2188   25.9  7.2  4.8  mouse_lemur   8171  8348 (26195) + L1ME1    LINE/L1             5908   6090   (89)  17  
 1579   18.1  2.9  0.4  mouse_lemur   8349  8646 (25897) C AluJo    SINE/Alu             (0)    312      1  19  
 2188   25.9  7.2  4.8  mouse_lemur   8647  8699 (25844) + L1ME1    LINE/L1             6091   6144   (35)  17  
 1672   15.1  0.0 13.4  mouse_lemur   8723  9080 (25463) C AluJr    SINE/Alu             (2)    310      1  20  
   27    2.9  0.0  0.0  mouse_lemur   9082  9115 (25428) + AT_rich  Low_complexity         1     34    (0)  21  
  264    5.9  0.0  0.0  mouse_lemur   9922  9955 (24588) + (TGGG)n  Simple_repeat          3     36    (0)  22  
  251   28.9  1.2  6.6  mouse_lemur   9984 10150 (24393) + GA-rich  Low_complexity         4    161    (0)  23  
   26    0.0  0.0  0.0  mouse_lemur  10933 10958 (23585) + GC_rich  Low_complexity         1     26    (0)  24  
  182   31.9 14.9  1.6  mouse_lemur  11592 11712 (22831) C L2b      LINE/L2              (1)   3374   3238  25  
  447   15.0  3.6 10.4  mouse_lemur  11726 11856 (22687) + L1MC     LINE/L1             5374   5496  (746)  26  
  225   27.4  5.5  0.0  mouse_lemur  11928 12000 (22543) + L1MC     LINE/L1             5722   5798  (375)  26  
  264   34.1  1.1  0.0  mouse_lemur  12150 12240 (22303) + (TG)n    Simple_repeat          1     92    (0)  27  
 1744   16.9  1.0  3.3  mouse_lemur  12241 12547 (21996) C AluJr    SINE/Alu            (12)    300      1  28  
 1804   16.9  2.4  0.7  mouse_lemur  12720 13015 (21528) + AluJo    SINE/Alu               1    301   (11)  29  
  718   31.6  4.1  1.7  mouse_lemur  13096 13440 (21103) + L1MC4    LINE/L1             7101   7453  (589)  30  
  766   20.7  0.8  9.6  mouse_lemur  13463 13514 (21029) C L1MB5    LINE/L1              (0)   6180   6133  31  
 1862    9.1  0.0 15.9  mouse_lemur  13515 13878 (20665) C AluJr    SINE/Alu             (6)    306      1  32  
  815   19.1  1.0  5.7  mouse_lemur  13879 14076 (20467) C L1MB5    LINE/L1             (36)   6138   5952  31  
  686    9.6  0.0  0.9  mouse_lemur  14077 14181 (20362) + (TTTC)n  Simple_repeat          2    105    (0)  33  
 1741   18.0  0.0  3.5  mouse_lemur  14186 14496 (20047) C AluJr4   SINE/Alu             (0)    312     13  34  
  942   16.3  3.4  3.9  mouse_lemur  14507 14710 (19833) C L1MB5    LINE/L1            (199)   5975   5773  31  
 3725   16.9  1.2  1.2  mouse_lemur  14716 15370 (19173) C L1MA7    LINE/L1              (0)   6291   5637  35  
  305   21.2  6.5  2.4  mouse_lemur  15952 16174 (18369) + (TGAG)n  Simple_repeat          1    232    (0)  36  
  228   22.4  0.0  1.7  mouse_lemur  16920 16978 (17565) + G-rich   Low_complexity         3     60    (0)  37  
  270   27.4  8.3  3.8  mouse_lemur  19274 19406 (15137) + MIRb     SINE/MIR              43    181   (87)  38  
  204   34.7  2.7  5.4  mouse_lemur  21896 22081 (12462) + L2b      LINE/L2             3071   3251  (124)  39  
   25    7.5  0.0  0.0  mouse_lemur  22544 22596 (11947) + GC_rich  Low_complexity         1     53    (0)  40  
   23    5.4  0.0  0.0  mouse_lemur  22606 22642 (11901) + GC_rich  Low_complexity         1     37    (0)  41  
  333    0.0  0.0  0.0  mouse_lemur  23760 23796 (10747) + (CA)n    Simple_repeat          1     37    (0)  42  
 1343   21.6  6.7  3.1  mouse_lemur  24474 24614  (9929) + L1MB5    LINE/L1             5726   5872  (302)  43  
 1824   10.4  2.7 11.3  mouse_lemur  24615 24950  (9593) + AluJr    SINE/Alu               1    307    (5)  44  
 1343   21.6  6.7  3.1  mouse_lemur  24951 25195  (9348) + L1MB5    LINE/L1             5873   6126   (48)  43  
  426   24.7  0.0  0.0  mouse_lemur  25211 25295  (9248) C AluSz6   SINE/Alu             (8)    304    220  45  
  355   13.2  0.0  1.9  mouse_lemur  25396 25448  (9095) C AluYk11  SINE/Alu           (260)     52      1  46  
 1814   11.3  0.6 11.6  mouse_lemur  25536 25872  (8671) + AluJr    SINE/Alu               2    301   (11)  47  
  246   28.5  9.2  6.1  mouse_lemur  25978 26108  (8435) C MIRb     SINE/MIR            (36)    232     98  48  
 1753   11.0  0.9 13.6  mouse_lemur  26210 26555  (7988) + AluJo    SINE/Alu               1    302   (10)  49  
   22    9.9  0.0  0.0  mouse_lemur  26611 26681  (7862) + GC_rich  Low_complexity         1     71    (0)  50  
 2860   17.9  5.4  1.2  mouse_lemur  28355 28853  (5690) + MLT2B1   LTR/ERVL               1    520    (0)  51  
  286   25.0  9.1  0.0  mouse_lemur  28967 29054  (5489) + L1MC4a   LINE/L1             5300   5395  (728)  52  
 1603   21.4  3.1  1.6  mouse_lemur  29097 29481  (5062) C MER63B   DNA/hAT-Blackjack    (0)    436     46  53  
  531   30.7  1.7  7.3  mouse_lemur  29504 29831  (4712) + L1MC4a   LINE/L1             5584   5910 (1972)  52  
  254   27.9  1.7 10.2  mouse_lemur  30012 30187  (4356) C L1M5     LINE/L1            (393)   5731   5571  54  
 2018   15.9  1.0  0.3  mouse_lemur  30780 31088  (3455) + AluJr4   SINE/Alu               1    311    (1)  55  
 3005   19.2  4.9  2.7  mouse_lemur  31487 32160  (2383) C L1MB5    LINE/L1             (33)   6141   5453  56  
  220   23.4  0.0  3.0  mouse_lemur  32322 32387  (2156) + G-rich   Low_complexity         2     65    (0)  57  
 1170   23.7  4.3  1.2  mouse_lemur  32881 33209  (1334) + L1MB7    LINE/L1             5830   6168   (16)  58  
  265   21.2 16.2  0.0  mouse_lemur  33220 33299  (1244) + MER5A    DNA/hAT-Charlie       71    163   (26)  59  
 1143   15.9 10.4  9.7  mouse_lemur  33940 34228   (315) C AluJo    SINE/Alu             (1)    311     21  60  
