   SW   perc perc perc  query       position in query     matching  repeat          position in repeat
score   div. del. ins.  sequence    begin end    (left)   repeat    class/family  begin  end    (left)  ID

 1082    7.5  0.0  0.0  owl_monkey    860   992 (31152) + AluSx     SINE/Alu           1    133  (179)   1  
  223   28.9  6.6  0.0  owl_monkey   1255  1330 (30814) + MIR3      SINE/MIR         107    187   (21)   2  
  220   29.0  6.1  6.1  owl_monkey   1759  1857 (30287) C MIR       SINE/MIR        (79)    183     85   3  
  180    0.0  0.0  0.0  owl_monkey   2085  2104 (30040) + (CCCCAG)n Simple_repeat      6     25    (0)   4  
  326   32.6  3.5 11.0  owl_monkey   2133  2218 (29926) + MIRb      SINE/MIR          75    154  (114)   5  
 1378   18.2  0.6  8.3  owl_monkey   2219  2355 (29789) + AluJb     SINE/Alu           1    127  (185)   6  
 2323   11.2  0.0  0.0  owl_monkey   2356  2658 (29486) + AluSg     SINE/Alu           1    303    (7)   7  
 1378   18.2  0.6  8.3  owl_monkey   2659  2856 (29288) + AluJb     SINE/Alu         128    310    (2)   6  
  326   32.6  3.5 11.0  owl_monkey   2857  2969 (29175) + MIRb      SINE/MIR         155    259    (9)   5  
 2151   12.3  0.3  0.0  owl_monkey   3068  3360 (28784) + AluSz     SINE/Alu           1    294   (18)   8  
 1432   20.8  7.0  7.8  owl_monkey   3386  3629 (28515) C L1MB5     LINE/L1          (9)   6165   5923   9  
 1954   14.6  1.4  0.0  owl_monkey   3630  3916 (28228) C AluSg4    SINE/Alu        (17)    295      5  10  
 1432   21.5  6.8  7.0  owl_monkey   3917  4160 (27984) C L1MB5     LINE/L1        (252)   5922   5678   9  
  328   25.2 20.3  4.7  owl_monkey   4171  4262 (27882) + L1M5      LINE/L1         5138   5244  (902)  11  
 2037   10.8  3.1  0.3  owl_monkey   4263  4549 (27595) C AluSc     SINE/Alu        (14)    295      1  12  
  449   24.3 17.4  0.7  owl_monkey   4550  4766 (27378) + L1M5      LINE/L1         5245   5488  (666)  11  
 1400   20.2 13.9  3.4  owl_monkey   4790  5169 (26975) + MSTC      LTR/ERVL-MaLR      1    420    (8)  13  
  408   28.7  3.3  0.0  owl_monkey   5178  5299 (26845) + L1M5      LINE/L1         5483   5608  (634)  11  
 2271    9.2  1.7  0.0  owl_monkey   5302  5595 (26549) + AluSp     SINE/Alu           1    299   (14)  14  
 2205   11.2  0.3  0.0  owl_monkey   5607  5900 (26244) + AluSg     SINE/Alu           2    296   (14)  15  
 2104   14.7  0.0  0.0  owl_monkey   5916  6215 (25929) + AluSz     SINE/Alu          13    312    (0)  16  
  409   17.4  7.3  6.5  owl_monkey   6299  6421 (25723) + L1MD      LINE/L1         4597   4720 (1426)  17  
  461    9.1  0.0  0.0  owl_monkey   6433  6498 (25646) C L1MB8     LINE/L1          (2)   6176   6111  18  
 2065   14.4  0.3  1.0  owl_monkey   6500  6804 (25340) + AluSx1    SINE/Alu           1    303    (9)  19  
  767   20.1  3.5  0.0  owl_monkey   6808  6951 (25193) + AluJr     SINE/Alu         137    285   (27)  20  
 1606   15.3  0.0  1.2  owl_monkey   6953  7201 (24943) + AluSz6    SINE/Alu          50    295   (17)  21  
 2327    6.2  0.0  1.4  owl_monkey   7207  7496 (24648) + AluSc     SINE/Alu           1    286   (23)  22  
  243    0.0  0.0  0.0  owl_monkey   7497  7523 (24621) + (TAA)n    Simple_repeat      2     28    (0)  23  
  272   19.5  2.6  1.3  owl_monkey   7539  7616 (24528) C L1MB5     LINE/L1        (877)   5269   5191   9  
 2210   13.4  0.0  0.3  owl_monkey   7872  8184 (23960) + AluSx3    SINE/Alu           1    312    (0)  24  
 2557    7.7  0.0  0.3  owl_monkey   8193  8504 (23640) + AluSc8    SINE/Alu           1    311    (1)  25  
 1243   24.0  4.0  3.3  owl_monkey   8510  8935 (23209) + L1MD      LINE/L1         4742   5170  (976)  26  
 2077   13.6  0.3  0.0  owl_monkey   8936  9222 (22922) + AluSg4    SINE/Alu           1    288   (24)  27  
  196   13.3  0.0 10.9  owl_monkey  10936 11036 (21108) + (CGGGG)n  Simple_repeat      2     91    (0)  28  
  234    8.1  0.0  0.0  owl_monkey  13112 13148 (18996) + (TTCA)n   Simple_repeat      2     38    (0)  29  
  298   29.7 12.3  1.5  owl_monkey  13427 13556 (18588) + MIRb      SINE/MIR          38    181   (87)  30  
  581   17.9  1.1  0.0  owl_monkey  15061 15155 (16989) + AluSx3    SINE/Alu           2     97  (215)  31  
 2236   12.5  0.6  0.0  owl_monkey  15161 15471 (16673) C AluSp     SINE/Alu         (0)    313      1  32  
  234    0.0  0.0  0.0  owl_monkey  18711 18736 (13408) + (CA)n     Simple_repeat      1     26    (0)  33  
  240    3.5  0.0  0.0  owl_monkey  19023 19051 (13093) + (TTTTG)n  Simple_repeat      1     29    (0)  34  
 1897   10.9  0.0  6.8  owl_monkey  19056 19348 (12796) C AluSg     SINE/Alu        (37)    273      1  35  
  959   12.5  0.0  0.0  owl_monkey  19350 19485 (12659) C AluSx     SINE/Alu       (176)    136      1  36  
  207    0.0  0.0  0.0  owl_monkey  19738 19760 (12384) + (CAAA)n   Simple_repeat      1     23    (0)  37  
 2090   13.0  0.7  0.0  owl_monkey  19768 20067 (12077) + AluSp     SINE/Alu           2    303   (10)  38  
  189    0.0  0.0  0.0  owl_monkey  21540 21560 (10584) + (CCCCG)n  Simple_repeat      1     21    (0)  39  
  536   17.2  0.0  1.0  owl_monkey  23585 23684  (8460) + HY3       scRNA              1     99    (2)  40  
 2107   11.6  0.7  0.0  owl_monkey  23705 23997  (8147) + AluSx1    SINE/Alu           1    295   (17)  41  
  667   24.3 11.7  0.0  owl_monkey  24006 24211  (7933) + L1MB5     LINE/L1         5874   6103   (71)  42  
  184   18.6  0.0 17.3  owl_monkey  24324 24375  (7769) C L2a       LINE/L2          (7)   3419   3377  43 *
  205   29.5  8.8  3.3  owl_monkey  24364 24454  (7690) C MIRb      SINE/MIR        (46)    222    127  44  
 1995   13.3  0.7  0.0  owl_monkey  24548 24833  (7311) + AluSx     SINE/Alu           1    288   (24)  45  
  202   13.9  2.3  0.0  owl_monkey  24844 24886  (7258) + (TA)n     Simple_repeat      1     44    (0)  46  
  391   18.2  2.6  3.9  owl_monkey  24887 24963  (7181) C AluJr4    SINE/Alu       (151)    161     86  47  
 1948   14.6  2.4  0.0  owl_monkey  26820 27114  (5030) + AluSz6    SINE/Alu           1    302   (10)  48  
 1757   21.1 17.6  0.2  owl_monkey  27164 27605  (4539) + MLT2B1    LTR/ERVL           2    520    (0)  49  
 1964   13.0  1.4  0.0  owl_monkey  27650 27925  (4219) + AluSp     SINE/Alu           3    282   (31)  50  
 1969   13.8  0.0  0.0  owl_monkey  28039 28307  (3837) + AluSx1    SINE/Alu          27    295   (17)  51  
 1685   17.2  2.6  3.3  owl_monkey  28449 28750  (3394) + AluJo     SINE/Alu           2    301   (11)  52  
 1885   18.3  1.0  0.0  owl_monkey  28751 29056  (3088) + AluSc     SINE/Alu           1    309    (0)  53  
  912    9.2  3.0  0.8  owl_monkey  29480 29610  (2534) C AluSp     SINE/Alu       (179)    134      1  54  
 1848   13.6  0.8  0.0  owl_monkey  29764 30021  (2123) + AluSx     SINE/Alu           2    261   (51)  55  
  483   19.1  7.1  0.0  owl_monkey  30189 30272  (1872) C AluSp     SINE/Alu         (9)    304    215  56  
 1382   12.3  0.5  0.5  owl_monkey  30615 30809  (1335) C AluSp     SINE/Alu       (118)    195      1  56  
  770   47.4 14.0  0.0  owl_monkey  30822 30972  (1172) C AluSx     SINE/Alu         (1)    301    129  57  
 1697   12.1  0.4  1.2  owl_monkey  30973 31220   (924) + AluSp     SINE/Alu          59    304    (9)  58  
  770   47.4 14.0  0.0  owl_monkey  31221 31332   (812) C AluSx     SINE/Alu       (174)    128      1  57  
  532   19.8  4.7  0.0  owl_monkey  31364 31469   (675) + L1MB3     LINE/L1         6070   6180    (3)  59  
 2312    8.7  0.7  0.0  owl_monkey  31478 31766   (378) + AluSg7    SINE/Alu           2    292   (20)  60  
