   SW   perc perc perc  query     position in query     matching repeat           position in repeat
score   div. del. ins.  sequence  begin end    (left)   repeat   class/family   begin  end    (left)  ID

 2545    6.4  0.6  0.3  saimiri     375   685 (39786) + AluSp    SINE/Alu            2    313    (0)   1  
 1017    9.0  0.0  0.8  saimiri    1164  1297 (39174) + AluSx    SINE/Alu            1    133  (179)   2  
  255   26.7  6.7  0.0  saimiri    1563  1637 (38834) + MIR3     SINE/MIR          108    187   (21)   3  
   23    0.0  0.0  0.0  saimiri    2027  2049 (38422) + AT_rich  Low_complexity      1     23    (0)   4  
  188   30.4  7.1  7.1  saimiri    2071  2169 (38302) C MIR      SINE/MIR         (79)    183     85   5  
  340   31.0  4.0 10.2  saimiri    2475  2536 (37935) + MIRb     SINE/MIR           96    154  (114)   6  
 1423   19.7  0.9  6.5  saimiri    2537  2673 (37798) + AluJb    SINE/Alu            1    130  (182)   7  
 2285   12.3  0.0  0.0  saimiri    2674  2981 (37490) + AluSg    SINE/Alu            1    308    (2)   8  
 1423   19.7  0.9  6.5  saimiri    2982  3164 (37307) + AluJb    SINE/Alu          131    303    (9)   7  
  340   31.0  4.0 10.2  saimiri    3165  3277 (37194) + MIRb     SINE/MIR          155    260    (8)   6  
 2378   10.6  0.3  0.0  saimiri    3375  3685 (36786) + AluSz    SINE/Alu            1    312    (0)   9  
  953   22.1  7.2 10.8  saimiri    3727  3964 (36507) C L1MB5    LINE/L1          (17)   6157   5927  10  
 1872   16.4  1.8  0.0  saimiri    3965  4250 (36221) C AluSg4   SINE/Alu         (17)    295      5  11  
  953   22.1  7.2 10.8  saimiri    4251  4345 (36126) C L1MB5    LINE/L1         (248)   5926   5836  10  
 1074   20.3  3.7  4.0  saimiri    4366  4637 (35834) + MSTC     LTR/ERVL-MaLR     153    423    (5)  12  
 2209   12.9  0.7  0.0  saimiri    4770  5071 (35400) + AluSp    SINE/Alu            1    304    (9)  13  
 1921   12.9  3.9  0.0  saimiri    5096  5374 (35097) + AluSg    SINE/Alu            9    298   (12)  14  
 2350    8.7  0.0  0.7  saimiri    5612  5909 (34562) C AluSc8   SINE/Alu         (15)    297      2  15  
 2482    7.4  0.7  0.7  saimiri    6519  6827 (33644) + AluSc    SINE/Alu            1    309    (0)  16  
  197   36.6  2.4  0.0  saimiri    6990  7071 (33400) + MIR      SINE/MIR          179    262    (0)  17  
 2102   14.7  1.6  0.0  saimiri    7134  7440 (33031) + AluSz    SINE/Alu            1    312    (0)  18  
 2319   10.0  0.0  0.3  saimiri    7493  7791 (32680) + AluSc8   SINE/Alu            2    299   (13)  19  
 2571    5.8  0.6  0.3  saimiri    7797  8108 (32363) + AluSp    SINE/Alu            1    313    (0)  20  
  470   19.0  2.4  3.2  saimiri    8159  8283 (32188) + L1MD     LINE/L1          4597   4720 (1426)  21  
  462    7.8  0.0  0.0  saimiri    8295  8358 (32113) C L1MB8    LINE/L1           (2)   6176   6113  22  
 1848   16.0  1.7  0.0  saimiri    8362  8648 (31823) + AluSx1   SINE/Alu            1    292   (20)  23  
 2259   10.3  0.0  1.7  saimiri    8649  8986 (31485) + AluSc8   SINE/Alu            2    312    (0)  24  
  725   20.9  1.5  0.0  saimiri    8997  9130 (31341) + AluJr    SINE/Alu          150    285   (27)  25  
 1664   15.5  0.0  1.6  saimiri    9132  9389 (31082) + AluSz6   SINE/Alu           50    303    (9)  26  
  322   16.5  2.5  0.0  saimiri    9399  9477 (30994) C L1M4     LINE/L1         (875)   5271   5191  27  
 2465    7.8  0.7  0.3  saimiri    9608  9913 (30558) C AluSc8   SINE/Alu          (5)    307      1  28  
 1915   14.8  0.7  0.7  saimiri   10049 10370 (30101) + AluSx    SINE/Alu            1    312    (0)  29  
 1239   24.4  3.3  4.7  saimiri   10373 10794 (29677) + L1MD     LINE/L1          4742   5157  (989)  21  
 2028   16.6  0.3  0.0  saimiri   10801 11107 (29364) + AluSg4   SINE/Alu            1    308    (4)  30  
   22    9.9  0.0  0.0  saimiri   12559 12629 (27842) + GC_rich  Low_complexity      1     71    (0)  31  
  288   20.4  2.6  4.4  saimiri   12843 12955 (27516) + G-rich   Low_complexity      3    113    (0)  32  
 2079   11.0  0.3  2.3  saimiri   13687 13995 (26476) + AluSc    SINE/Alu            1    303    (6)  33  
  332   28.7 12.3  3.7  saimiri   14057 14219 (26252) + L1MC4a   LINE/L1          5307   5483 (2399)  34  
  273   28.5  9.0  2.8  saimiri   14316 14492 (25979) + L1MC4a   LINE/L1          5724   5911 (1971)  34  
 1874   11.8  0.9  9.2  saimiri   14636 14769 (25702) + AluSx    SINE/Alu            1    124  (188)  35  
 2358    8.8  0.3  0.7  saimiri   14770 15076 (25395) + AluSc    SINE/Alu            2    307    (2)  36  
 1874   11.8  0.9  9.2  saimiri   15077 15094 (25377) + AluSx    SINE/Alu          125    141  (171)  35  
 2507    8.1  0.0  0.3  saimiri   15095 15402 (25069) + AluSc8   SINE/Alu            2    308    (4)  37  
 1874   11.8  0.9  9.2  saimiri   15403 15585 (24886) + AluSx    SINE/Alu          142    309    (3)  35  
 1095   15.1  0.0  1.7  saimiri   15660 15831 (24640) + AluSc8   SINE/Alu          133    301   (11)  38  
 1305   22.9  0.7  1.4  saimiri   15843 15988 (24483) + AluJb    SINE/Alu           10    155  (157)  39  
 1764   18.9 21.9  3.4  saimiri   15989 16398 (24073) C MER66B   LTR/ERV1          (0)    486      1  40  
 1305   22.9  0.7  1.4  saimiri   16399 16539 (23932) + AluJb    SINE/Alu          156    295   (17)  39  
 2475    7.0  0.0  0.3  saimiri   16544 16843 (23628) + AluSx3   SINE/Alu            1    299   (13)  41  
 2431    7.0  0.6  1.6  saimiri   16848 17162 (23309) + AluSp    SINE/Alu            2    313    (0)  42  
  524   20.3  4.2  6.3  saimiri   17291 17408 (23063) + L1MB8    LINE/L1          5994   6110   (68)  43  
 2340    9.3  0.0  0.7  saimiri   17409 17708 (22763) + AluSc    SINE/Alu            1    298   (11)  44  
  524   20.3  4.2  6.3  saimiri   17709 17719 (22752) + L1MB8    LINE/L1          6111   6121   (57)  43  
 2039   14.5  2.3  0.3  saimiri   17720 18023 (22448) + AluSx1   SINE/Alu            1    310    (2)  45  
  524   20.3  4.2  6.3  saimiri   18024 18081 (22390) + L1MB8    LINE/L1          6122   6178    (0)  43  
  399   27.1  7.3  4.6  saimiri   18077 18160 (22311) C L1MC4    LINE/L1          (29)   8013   7927  46 *
  198    0.0  0.0  0.0  saimiri   18161 18182 (22289) + (TC)n    Simple_repeat       2     23    (0)  47  
 2150   10.4  1.1  0.0  saimiri   18183 18469 (22002) C AluSx1   SINE/Alu         (20)    292      3  48  
  399   27.1  7.3  4.6  saimiri   18470 18642 (21829) C L1MC4    LINE/L1         (116)   7926   7748  46  
  972   10.6  0.8  0.0  saimiri   19055 19186 (21285) + AluSp    SINE/Alu            1    133  (180)  49  
 2390    7.4  0.7  0.3  saimiri   19317 19614 (20857) + AluSp    SINE/Alu            2    300   (13)  50  
 1664   17.8  7.3  0.3  saimiri   19639 19924 (20547) C AluSz    SINE/Alu          (6)    306      1  51  
 2104   12.2  0.7  1.0  saimiri   19936 20231 (20240) C AluSc8   SINE/Alu          (7)    305     11  52  
  329   29.4 10.6  3.2  saimiri   20271 20393 (20078) + L1ME4a   LINE/L1          5976   6107   (17)  53  
 2506    8.7  0.0  0.3  saimiri   20395 20705 (19766) C AluSc8   SINE/Alu          (2)    310      1  54  
 2193   12.8  0.0  0.0  saimiri   21015 21310 (19161) C AluSx    SINE/Alu          (0)    312     17  55  
 2259   11.1  0.0  0.3  saimiri   21339 21635 (18836) C AluSx3   SINE/Alu         (16)    296      1  56  
  294   26.2 13.8  1.8  saimiri   21648 21814 (18657) + L1ME5    LINE/L1          5919   6105   (89)  57  
  244   25.6  6.0  2.4  saimiri   21987 22070 (18401) + MIRc     SINE/MIR           70    156  (112)  58  
   22    9.9  0.0  0.0  saimiri   23280 23350 (17121) + GC_rich  Low_complexity      1     71    (0)  59  
  191   15.7  0.0  1.9  saimiri   23562 23613 (16858) + (CGGGG)n Simple_repeat       1     51    (0)  60  
  200   17.1  1.2  3.5  saimiri   23642 23726 (16745) + G-rich   Low_complexity      2     84    (0)  61  
  212   16.2  0.0  0.0  saimiri   25885 25921 (14550) + (TTCA)n  Simple_repeat       2     38    (0)  62  
  222   29.1 13.2  1.6  saimiri   26198 26326 (14145) + MIRb     SINE/MIR           38    181   (87)  63  
  528   17.2  0.0  2.0  saimiri   31379 31479  (8992) + HY3      scRNA               1     99    (2)  64  
 2107   12.5  0.7  0.0  saimiri   31500 31796  (8675) + AluSx    SINE/Alu            1    299   (13)  65  
  759   22.8 10.4  0.0  saimiri   31801 32011  (8460) + L1MB7    LINE/L1          5870   6102   (82)  66  
  215   16.4  4.4  1.5  saimiri   32341 32348  (8123) + (TA)n    Simple_repeat       1      9    (0)  67  
 2049   11.7  1.0  0.0  saimiri   32349 32639  (7832) + AluSx    SINE/Alu            1    294   (18)  68  
  215   16.4  4.4  1.5  saimiri   32640 32698  (7773) + (TA)n    Simple_repeat       2     62    (0)  69  
  357   22.8  0.0  3.8  saimiri   32699 32777  (7694) C AluJr4   SINE/Alu        (153)    159     84  70  
   24    0.0  0.0  0.0  saimiri   33099 33122  (7349) + GC_rich  Low_complexity      1     24    (0)  71  
   23    0.0  0.0  0.0  saimiri   33446 33468  (7003) + GC_rich  Low_complexity      1     23    (0)  72  
 2531    7.7  0.0  0.3  saimiri   34545 34855  (5616) + AluSc8   SINE/Alu            1    310    (2)  73  
 1687   17.9  2.8  0.0  saimiri   34896 35186  (5285) + AluSq2   SINE/Alu            1    299   (13)  74  
 1058   14.8  0.0  0.0  saimiri   35187 35335  (5136) + AluSp    SINE/Alu          134    282   (31)  75  
 1969   15.1  0.3  0.0  saimiri   35420 35704  (4767) + AluSx1   SINE/Alu            5    290   (22)  76  
 1660   18.0  3.0  2.6  saimiri   35855 36159  (4312) + AluJb    SINE/Alu            7    312    (0)  77  
 1539   18.3  1.2  0.0  saimiri   36176 36426  (4045) + AluSc    SINE/Alu           56    309    (0)  78  
 2276    9.1  0.0  1.7  saimiri   36605 36902  (3569) C AluSc    SINE/Alu         (16)    293      1  79  
  861   12.0  0.8  0.0  saimiri   37160 37284  (3187) C AluSp    SINE/Alu        (187)    126      1  80  
 2470    6.3  0.0  0.7  saimiri   37342 37642  (2829) C AluSx3   SINE/Alu         (12)    300      2  81  
 1711   17.0  0.4  0.0  saimiri   37766 38024  (2447) + AluSx    SINE/Alu            2    261   (51)  82  
  586   11.5  6.9  0.0  saimiri   38192 38278  (2193) C AluSp    SINE/Alu          (6)    307    215  83  
 1314   16.0  0.5  0.0  saimiri   38621 38814  (1657) C AluSp    SINE/Alu        (118)    195      1  83  
 1858   15.6  0.0  3.8  saimiri   38825 39024  (1447) C AluSx    SINE/Alu         (11)    301    109  84  
 1838   13.8  8.0  0.0  saimiri   39025 39299  (1172) + AluSx    SINE/Alu            3    299   (13)  85  
 1858   15.6  0.0  3.8  saimiri   39300 39411  (1060) C AluSx    SINE/Alu        (204)    108      1  84  
  535   20.6  3.7  0.0  saimiri   39443 39549   (922) + L1MB3    LINE/L1          6070   6180    (3)  86  
 2475    8.1  0.0  0.3  saimiri   39558 39867   (604) + AluSc8   SINE/Alu            1    309    (3)  87  
 2122   11.1  1.0  0.0  saimiri   39875 40162   (309) + AluSg7   SINE/Alu            1    291   (21)  88  
