   SW   perc perc perc  query       position in query     matching     repeat              position in repeat
score   div. del. ins.  sequence    begin end    (left)   repeat       class/family      begin  end    (left)  ID

  391   28.6 15.2  2.2  tree_shrew   1439  1765 (28522) + L1M5         LINE/L1             5339   5710  (532)   1  
  219   13.9  0.0  0.0  tree_shrew   2060  2095 (28192) + (CA)n        Simple_repeat          1     36    (0)   2  
  435   31.7  0.7  3.6  tree_shrew   3904  4487 (25800) + G-rich       Low_complexity         1    566    (0)   3  
  211   30.6 13.9  2.2  tree_shrew   4704  4840 (25447) + MIRc         SINE/MIR               5    157  (111)   4  
   22    0.0  0.0  0.0  tree_shrew   5156  5177 (25110) + GC_rich      Low_complexity         1     22    (0)   5  
   25    3.1  0.0  0.0  tree_shrew   5428  5459 (24828) + GC_rich      Low_complexity         1     32    (0)   6  
  209   17.9  0.0  0.0  tree_shrew   6206  6244 (24043) + GA-rich      Low_complexity         2     40    (0)   7  
   29    6.0  0.0  0.0  tree_shrew   6813  6862 (23425) + AT_rich      Low_complexity         1     50    (0)   8  
  282   20.8  5.6  0.0  tree_shrew   6878  6949 (23338) + (CGAG)n      Simple_repeat          2     77    (0)   9  
  184   27.5  7.2  3.6  tree_shrew   7306  7388 (22899) + MIR          SINE/MIR               7     92  (170)  10  
   27    6.2  0.0  0.0  tree_shrew   7433  7480 (22807) + AT_rich      Low_complexity         1     48    (0)  11  
 4284    1.3  0.8  0.6  tree_shrew   8497  9022 (21265) C HAL1-1B_Tbel LINE/L1              (7)   2529   2003  12  
  198   12.8  0.0  0.0  tree_shrew   9761  9799 (20488) + (TC)n        Simple_repeat          2     40    (0)  13  
   34    5.5  0.0  0.0  tree_shrew  10104 10158 (20129) + AT_rich      Low_complexity         1     55    (0)  14  
  348   29.9  9.2  2.0  tree_shrew  12270 12609 (17678) C L1M4         LINE/L1            (646)   5596   5219  15  
  251    5.1  0.0  0.0  tree_shrew  13194 13232 (17055) C HSMAR2       DNA/TcMar-Mariner    (1)   1301   1263  16  
  287   21.0  4.9  0.0  tree_shrew  13237 13317 (16970) C HSMAR2       DNA/TcMar-Mariner (1216)     86      2  17  
  298   25.0 14.0  0.0  tree_shrew  14062 14161 (16126) C MER90a       LTR/ERV1           (355)    259    146  18  
  214   21.7 17.6  2.4  tree_shrew  14898 14982 (15305) C L2a          LINE/L2             (49)   3377   3280  19  
   27    4.9  0.0  0.0  tree_shrew  16491 16531 (13756) + AT_rich      Low_complexity         1     41    (0)  20  
   24    3.2  0.0  0.0  tree_shrew  16875 16905 (13382) + AT_rich      Low_complexity         1     31    (0)  21  
   22    0.0  0.0  0.0  tree_shrew  17177 17198 (13089) + AT_rich      Low_complexity         1     22    (0)  22  
  206   17.1  2.4  7.3  tree_shrew  17460 17541 (12746) + T-rich       Low_complexity         2     79    (0)  23  
  205   17.5  0.0  0.0  tree_shrew  17546 17585 (12702) + GA-rich      Low_complexity         2     41    (0)  24  
  213   10.8  0.0  0.0  tree_shrew  18283 18319 (11968) + (G)n         Simple_repeat          1     37    (0)  25  
  440   30.4  0.9  3.5  tree_shrew  19580 20121 (10166) + G-rich       Low_complexity         1    527    (0)  26  
  222   30.6 13.9  2.2  tree_shrew  20340 20476  (9811) + MIRc         SINE/MIR               5    157  (111)  27  
   22    0.0  0.0  0.0  tree_shrew  20792 20813  (9474) + GC_rich      Low_complexity         1     22    (0)  28  
   48    0.0  0.0  0.0  tree_shrew  23691 23738  (6549) + AT_rich      Low_complexity         1     48    (0)  29  
   23    3.3  0.0  0.0  tree_shrew  28363 28392  (1895) + AT_rich      Low_complexity         1     30    (0)  30  
  246   13.6  0.0  0.0  tree_shrew  28409 28452  (1835) + (GA)n        Simple_repeat          2     45    (0)  31  
   44    3.5  0.0  0.0  tree_shrew  28615 28672  (1615) + AT_rich      Low_complexity         1     58    (0)  32  
  523   13.9  0.5  0.0  tree_shrew  28773 28873  (1414) + L1MB5        LINE/L1             5885   5988  (190)  33  
  231    3.6  0.0  0.0  tree_shrew  29135 29162  (1125) + (GA)n        Simple_repeat          2     29    (0)  34  
   27   10.3  0.0  0.0  tree_shrew  29582 29678   (609) + GC_rich      Low_complexity         1     97    (0)  35  
   29    4.7  0.0  0.0  tree_shrew  29801 29843   (444) + GC_rich      Low_complexity         1     43    (0)  36  
  222    7.7  1.8  7.1  tree_shrew  30069 30124   (163) + G-rich       Low_complexity         3     55    (0)  37  
