   SW   perc perc perc  query     position in query     matching repeat              position in repeat
score   div. del. ins.  sequence  begin end    (left)   repeat   class/family      begin  end    (left)  ID

  996   16.5  1.3  0.6  vervet      260   417 (36911) + AluSx    SINE/Alu             147    305    (7)   1  
 1876   23.4  2.9  3.8  vervet      443   917 (36411) C L1MB5    LINE/L1              (9)   6165   5689   2  
  671   21.9 13.8  0.1  vervet      943  1224 (36104) + L1ME3    LINE/L1             5138   5463  (779)   3  
 2434    6.3  0.0  0.3  vervet     1250  1550 (35778) C AluY     SINE/Alu            (10)    301      2   4  
 2103   12.3  0.0  0.3  vervet     1568  1894 (35434) + AluSz    SINE/Alu               1    312    (0)   5  
 1889   17.3  0.0  1.0  vervet     1912  2206 (35122) + AluJb    SINE/Alu              12    303    (9)   6  
  232   17.6  2.9  1.4  vervet     2210  2278 (35050) + L1ME3    LINE/L1             5884   5953  (209)   3  
 1948    8.8  9.8  0.4  vervet     2328  2601 (34727) + AluY     SINE/Alu               1    300   (11)   7  
 2108    6.4  0.4  0.8  vervet     2704  2970 (34358) + AluY     SINE/Alu              32    297   (14)   8  
 2351   10.2  0.3  0.0  vervet     2983  3285 (34043) + AluSp    SINE/Alu               1    304    (9)   9  
 1101   23.9  4.7  3.5  vervet     3286  3623 (33705) C L1MB7    LINE/L1             (61)   6123   5782  10  
 2336    7.5  0.0  0.0  vervet     3625  3904 (33424) C AluSx1   SINE/Alu            (18)    294     15  11  
 1115   13.3  0.4 11.5  vervet     3906  4131 (33197) C AluSx    SINE/Alu           (111)    201      1  12  
 1946   13.2  0.0  7.1  vervet     4190  4500 (32828) C AluSx    SINE/Alu             (0)    312     24  13  
 1979   12.8  0.3  1.7  vervet     4529  4855 (32473) C AluSz    SINE/Alu             (0)    312      1  14  
  626   12.2  0.0  0.0  vervet     4859  4948 (32380) C AluYc    SINE/Alu             (7)    292    203  15  
  826   10.9  0.0  0.0  vervet     4952  5061 (32267) + AluYc    SINE/Alu             187    296    (3)  16  
  863   21.3  4.3  0.0  vervet     5077  5283 (32045) + L1MD     LINE/L1             5132   5347  (799)  17  
 1007    9.2  0.0  0.0  vervet     5284  5414 (31914) + AluSg7   SINE/Alu               1    131  (181)  18  
 2070   14.6  0.3  0.3  vervet     5425  5725 (31603) + AluSc5   SINE/Alu               2    302   (10)  19  
  441   20.1  0.6  9.6  vervet     6569  7027 (30301) + G-rich   Low_complexity         1    417    (0)  20  
  297   26.0  8.5  1.6  vervet     7643  7771 (29557) C L2a      LINE/L2              (1)   3425   3288  21  
  378   16.7 16.6 11.7  vervet     7774  7936 (29392) + L1MC4a   LINE/L1             5331   5501 (2381)  22  
  254   32.0  9.0  9.4  vervet     8016  8471 (28857) + L1MC4a   LINE/L1             5720   6173 (1709)  22  
  948   19.1 13.1  8.5  vervet     8477  8758 (28570) + AluJr4   SINE/Alu               3    297   (15)  23  
  803   21.7  0.0  2.2  vervet     8759  8782 (28546) + AluJb    SINE/Alu             134    157  (155)  24  
 2793   17.4  0.8  2.8  vervet     8783  9278 (28050) C MER66B   LTR/ERV1             (0)    486      1  25  
  803   21.7  0.0  2.2  vervet     9279  9432 (27896) + AluJb    SINE/Alu             158    308    (4)  24  
 1623   17.0  0.6  9.1  vervet     9435  9764 (27564) + AluJr    SINE/Alu               1    302   (10)  26  
 2132    8.4  4.0  0.7  vervet     9766 10054 (27274) + AluY     SINE/Alu               1    300   (11)  27  
  189    0.0  0.0  0.0  vervet    10055 10075 (27253) + (GA)n    Simple_repeat          2     22    (0)  28  
 2110    6.8  0.0  0.8  vervet    10220 10484 (26844) C AluY     SINE/Alu            (13)    298     36  29  
   21    9.5  0.0  0.0  vervet    10524 10586 (26742) + AT_rich  Low_complexity         1     63    (0)  30  
  528   19.0  2.4  1.6  vervet    10609 10731 (26597) + L1MB8    LINE/L1             5993   6116   (62)  31  
 2300   10.5  0.0  1.6  vervet    10733 11046 (26282) + AluY     SINE/Alu               1    309    (2)  32  
 2216   13.0  0.0  0.0  vervet    11138 11436 (25892) + AluSx    SINE/Alu               1    299   (13)  33  
  510   29.1  8.2  3.0  vervet    11467 11735 (25593) C L1MC4    LINE/L1              (1)   8041   7759  34  
  911   15.2  0.6  0.6  vervet    11738 11909 (25419) C HSMAR2   DNA/TcMar-Mariner   (60)   1242   1071  35  
  436   18.6  0.0  0.0  vervet    11912 11981 (25347) C AluYc    SINE/Alu            (10)    289    220  36  
  499    3.6  0.0  0.0  vervet    11984 12038 (25290) C AluSp    SINE/Alu            (10)    303    249  37  
  257   32.9 10.7  1.2  vervet    12142 12310 (25018) C L2       LINE/L2            (943)   2476   2292  38  
  548   17.2  5.8  0.0  vervet    13367 13453 (23875) C AluSz6   SINE/Alu             (3)    309    218  39  
 2174   13.4  0.3  0.0  vervet    13548 13845 (23483) + AluSx    SINE/Alu               1    299   (13)  40  
  273   30.1  7.6  0.6  vervet    13860 14016 (23312) + L1ME5    LINE/L1             5915   6082  (112)  41  
  244   24.4  5.9  3.5  vervet    14228 14312 (23016) + MIRc     SINE/MIR              70    156  (112)  42  
  398   27.0  0.0  5.3  vervet    14906 15093 (22235) + G-rich   Low_complexity         3    180    (0)  43  
  454   35.2  0.0  0.0  vervet    15131 15309 (22019) + G-rich   Low_complexity         1    179    (0)  43  
  184   25.0  0.8 17.5  vervet    18262 18387 (18941) C MIR      SINE/MIR            (40)    222    118  44  
  304   25.5  8.1  2.4  vervet    18571 18713 (18615) + MIRb     SINE/MIR              27    189   (79)  45  
 2396    6.5  0.0  1.3  vervet    19595 19900 (17428) C AluYa5   SINE/Alu             (8)    302      1  46  
  279    0.0  0.0  0.0  vervet    20027 20057 (17271) + (CA)n    Simple_repeat          1     31    (0)  47  
 2110    9.3  1.4  0.0  vervet    20380 20708 (16620) C AluSp    SINE/Alu             (0)    313      1  48  
 1742   15.3  8.4  0.3  vervet    24181 24467 (12861) C AluSx    SINE/Alu             (2)    310      1  49  
 2492    7.7  0.0  0.3  vervet    24557 24866 (12462) + AluY     SINE/Alu               1    309    (2)  50  
 2374    8.2  0.3  0.0  vervet    25063 25356 (11972) + AluSp    SINE/Alu               5    299   (14)  51  
  590   16.2  0.0  1.0  vervet    29918 30017  (7311) + HY3      scRNA                  1     99    (2)  52  
 1724   14.4 11.6  0.0  vervet    30038 30314  (7014) + AluSq2   SINE/Alu               1    309    (3)  53  
 2150   12.7  0.0  0.3  vervet    30326 30617  (6711) + AluSx3   SINE/Alu               2    292   (20)  54  
  739   34.5  8.2  7.2  vervet    30626 30869  (6459) + L1MB4    LINE/L1             5743   5999  (181)  55  
  215   14.7  0.0  0.0  vervet    30870 30903  (6425) C AluSg4   SINE/Alu           (144)    168    135  56  
  739   34.5  8.2  7.2  vervet    30904 31067  (6261) + L1MB4    LINE/L1             6000   6174    (6)  55  
  233   29.2  9.9  5.0  vervet    31195 31295  (6033) C MIRb     SINE/MIR            (49)    219    114  57  
 1892    7.3  2.5  0.0  vervet    31378 31622  (5706) + AluSx    SINE/Alu               1    251   (61)  58  
  307    8.1  0.0  0.0  vervet    31623 31659  (5669) C AluSg4   SINE/Alu           (166)    146    110  56  
 1012   12.1  1.4  0.0  vervet    32963 33102  (4226) + AluSx    SINE/Alu             150    291   (21)  59  
 2205   11.6  0.0  0.7  vervet    33173 33475  (3853) + AluSx1   SINE/Alu               1    301   (11)  60  
 1437   18.1  7.8  1.4  vervet    33625 33906  (3422) + AluJr    SINE/Alu               2    301   (11)  61  
 1983   13.9  0.7  0.0  vervet    33909 34195  (3133) + AluSc5   SINE/Alu              14    302   (10)  62  
 2695    3.5  0.0  0.3  vervet    34563 34874  (2454) + AluY     SINE/Alu               1    311    (0)  63  
 2317    8.2  0.7  1.0  vervet    35131 35434  (1894) + AluY     SINE/Alu               1    303    (8)  64  
 2067   11.7  2.8  0.0  vervet    35435 35724  (1604) + AluSc5   SINE/Alu               1    298   (14)  65  
 1438   25.1  0.0 12.6  vervet    36193 36534   (794) C AluSx1   SINE/Alu            (13)    299      1  66  
  458   22.2  0.0  0.6  vervet    36567 36669   (659) + L1MB3    LINE/L1             6066   6164   (10)  67  
 2201   11.4  0.0  1.3  vervet    36674 36988   (340) + AluY     SINE/Alu               1    311    (0)  68  
